TN:
SF:/Users/bryomckim/Andela/DMS-Frontend/app/actions/categoryActions.js
FN:3,(anonymous_1)
FN:3,defineProperties
FN:3,(anonymous_3)
FN:17,_interopRequireDefault
FN:19,_classCallCheck
FN:21,(anonymous_6)
FN:22,CategoryAction
FN:28,fetchCategory
FN:31,(anonymous_9)
FN:41,updateCategory
FN:46,handleError
FNF:11
FNH:11
FNDA:1,(anonymous_1)
FNDA:1,defineProperties
FNDA:1,(anonymous_3)
FNDA:2,_interopRequireDefault
FNDA:1,_classCallCheck
FNDA:1,(anonymous_6)
FNDA:1,CategoryAction
FNDA:14,fetchCategory
FNDA:13,(anonymous_9)
FNDA:0,updateCategory
FNDA:10,handleError
DA:0,14
DA:6,14
DA:10,13
DA:11,12
DA:13,1
DA:19,0
DA:23,10
LF:7
LH:6
BRDA:3,1,0,3
BRDA:3,1,1,3
BRDA:3,2,0,3
BRDA:3,2,1,0
BRDA:3,3,0,1
BRDA:3,3,1,0
BRDA:3,4,0,0
BRDA:3,4,1,1
BRDA:17,5,0,1
BRDA:17,5,1,1
BRDA:17,6,0,2
BRDA:17,6,1,2
BRDA:19,7,0,0
BRDA:19,7,1,1
BRDA:32,8,0,12
BRDA:32,8,1,1
BRF:16
BRH:16
end_of_record
TN:
SF:/Users/bryomckim/Andela/DMS-Frontend/app/alt/index.js
FN:11,_interopRequireDefault
FNF:1
FNH:1
FNDA:1,_interopRequireDefault
DA:0,1
LF:1
LH:1
BRDA:11,1,0,0
BRDA:11,1,1,1
BRDA:11,2,0,1
BRDA:11,2,1,1
BRF:4
BRH:4
end_of_record
TN:
SF:/Users/bryomckim/Andela/DMS-Frontend/app/actions/documentActions.js
FN:3,(anonymous_1)
FN:3,defineProperties
FN:3,(anonymous_3)
FN:18,_interopRequireDefault
FN:20,_classCallCheck
FN:22,(anonymous_6)
FN:23,Actions
FN:29,updateDocuments
FN:34,fetchDocuments
FN:45,(anonymous_10)
FN:55,fetchDocumentsByUser
FN:65,(anonymous_12)
FN:75,getDocument
FN:79,(anonymous_14)
FN:89,fetchByCategory
FN:98,(anonymous_16)
FN:108,createDocument
FN:112,(anonymous_18)
FN:124,updateDocument
FN:128,(anonymous_20)
FN:140,deleteDocument
FN:143,(anonymous_22)
FN:153,deleteResponse
FN:158,documentsFailed
FNF:24
FNH:22
FNDA:1,(anonymous_1)
FNDA:1,defineProperties
FNDA:1,(anonymous_3)
FNDA:2,_interopRequireDefault
FNDA:1,_classCallCheck
FNDA:1,(anonymous_6)
FNDA:1,Actions
FNDA:0,updateDocuments
FNDA:3,fetchDocuments
FNDA:3,(anonymous_10)
FNDA:0,fetchDocumentsByUser
FNDA:0,(anonymous_12)
FNDA:0,getDocument
FNDA:0,(anonymous_14)
FNDA:1,fetchByCategory
FNDA:1,(anonymous_16)
FNDA:1,createDocument
FNDA:1,(anonymous_18)
FNDA:1,updateDocument
FNDA:1,(anonymous_20)
FNDA:1,deleteDocument
FNDA:1,(anonymous_22)
FNDA:0,deleteResponse
FNDA:0,documentsFailed
DA:0,10
DA:6,1
DA:10,0
DA:15,3
DA:16,3
DA:17,0
DA:19,3
DA:22,3
DA:26,3
DA:27,1
DA:29,2
DA:36,0
DA:37,0
DA:38,0
DA:40,0
DA:42,0
DA:46,0
DA:47,0
DA:49,0
DA:54,0
DA:55,0
DA:59,0
DA:60,0
DA:62,0
DA:68,1
DA:69,1
DA:70,1
DA:72,0
DA:74,1
DA:78,1
DA:79,0
DA:81,1
DA:87,1
DA:88,1
DA:94,1
DA:95,0
DA:96,1
DA:97,0
DA:99,1
DA:104,1
DA:105,1
DA:111,1
DA:112,0
DA:113,1
DA:114,0
DA:116,1
DA:121,1
DA:125,1
DA:126,0
DA:128,1
DA:133,0
DA:136,0
LF:52
LH:28
BRDA:3,1,0,10
BRDA:3,1,1,10
BRDA:3,2,0,10
BRDA:3,2,1,0
BRDA:3,3,0,1
BRDA:3,3,1,0
BRDA:3,4,0,0
BRDA:3,4,1,1
BRDA:18,5,0,1
BRDA:18,5,1,1
BRDA:18,6,0,2
BRDA:18,6,1,2
BRDA:20,7,0,0
BRDA:20,7,1,1
BRDA:39,8,0,0
BRDA:39,8,1,3
BRDA:46,9,0,1
BRDA:46,9,1,2
BRDA:60,10,0,0
BRDA:60,10,1,0
BRDA:66,11,0,0
BRDA:66,11,1,0
BRDA:80,12,0,0
BRDA:80,12,1,0
BRDA:93,13,0,1
BRDA:93,13,1,0
BRDA:99,14,0,0
BRDA:99,14,1,1
BRDA:113,15,0,0
BRDA:113,15,1,1
BRDA:115,16,0,0
BRDA:115,16,1,1
BRDA:129,17,0,0
BRDA:129,17,1,1
BRDA:131,18,0,0
BRDA:131,18,1,1
BRDA:144,19,0,0
BRDA:144,19,1,1
BRF:38
BRH:24
end_of_record
TN:
SF:/Users/bryomckim/Andela/DMS-Frontend/app/actions/loginActions.js
FN:3,(anonymous_1)
FN:3,defineProperties
FN:3,(anonymous_3)
FN:17,_interopRequireDefault
FN:19,_classCallCheck
FN:21,(anonymous_6)
FN:22,LoginAction
FN:28,loginUser
FN:31,(anonymous_9)
FN:43,loginSuccess
FN:48,loginError
FNF:11
FNH:11
FNDA:1,(anonymous_1)
FNDA:1,defineProperties
FNDA:1,(anonymous_3)
FNDA:2,_interopRequireDefault
FNDA:1,_classCallCheck
FNDA:1,(anonymous_6)
FNDA:1,LoginAction
FNDA:3,loginUser
FNDA:3,(anonymous_9)
FNDA:0,loginSuccess
FNDA:0,loginError
DA:0,3
DA:6,3
DA:11,3
DA:12,0
DA:13,3
DA:14,2
DA:16,1
DA:22,0
DA:26,0
LF:9
LH:6
BRDA:3,1,0,3
BRDA:3,1,1,3
BRDA:3,2,0,3
BRDA:3,2,1,0
BRDA:3,3,0,1
BRDA:3,3,1,0
BRDA:3,4,0,0
BRDA:3,4,1,1
BRDA:17,5,0,1
BRDA:17,5,1,1
BRDA:17,6,0,2
BRDA:17,6,1,2
BRDA:19,7,0,0
BRDA:19,7,1,1
BRDA:32,8,0,0
BRDA:32,8,1,3
BRDA:34,9,0,2
BRDA:34,9,1,1
BRDA:34,10,0,3
BRDA:34,10,1,3
BRF:20
BRH:19
end_of_record
TN:
SF:/Users/bryomckim/Andela/DMS-Frontend/app/actions/LogoutActions.js
FN:3,(anonymous_1)
FN:3,defineProperties
FN:3,(anonymous_3)
FN:17,_interopRequireDefault
FN:19,_classCallCheck
FN:21,(anonymous_6)
FN:22,LogoutActions
FN:28,logoutUser
FN:31,(anonymous_9)
FN:43,logoutSuccess
FN:48,logoutError
FNF:11
FNH:11
FNDA:1,(anonymous_1)
FNDA:1,defineProperties
FNDA:1,(anonymous_3)
FNDA:2,_interopRequireDefault
FNDA:1,_classCallCheck
FNDA:1,(anonymous_6)
FNDA:1,LogoutActions
FNDA:2,logoutUser
FNDA:2,(anonymous_9)
FNDA:0,logoutSuccess
FNDA:0,logoutError
DA:0,3
DA:6,2
DA:10,2
DA:11,0
DA:12,2
DA:13,0
DA:15,2
DA:21,0
DA:25,0
LF:9
LH:5
BRDA:3,1,0,3
BRDA:3,1,1,3
BRDA:3,2,0,3
BRDA:3,2,1,0
BRDA:3,3,0,1
BRDA:3,3,1,0
BRDA:3,4,0,0
BRDA:3,4,1,1
BRDA:17,5,0,1
BRDA:17,5,1,1
BRDA:17,6,0,2
BRDA:17,6,1,2
BRDA:19,7,0,0
BRDA:19,7,1,1
BRDA:32,8,0,0
BRDA:32,8,1,2
BRDA:34,9,0,0
BRDA:34,9,1,2
BRDA:34,10,0,2
BRDA:34,10,1,2
BRF:20
BRH:18
end_of_record
TN:
SF:/Users/bryomckim/Andela/DMS-Frontend/app/actions/SessionActions.js
FN:3,(anonymous_1)
FN:3,defineProperties
FN:3,(anonymous_3)
FN:17,_interopRequireDefault
FN:19,_classCallCheck
FN:21,(anonymous_6)
FN:22,SessionAction
FN:28,getSession
FN:31,(anonymous_9)
FN:43,sessionSuccess
FN:48,invalidSession
FNF:11
FNH:11
FNDA:1,(anonymous_1)
FNDA:1,defineProperties
FNDA:1,(anonymous_3)
FNDA:2,_interopRequireDefault
FNDA:1,_classCallCheck
FNDA:1,(anonymous_6)
FNDA:1,SessionAction
FNDA:3,getSession
FNDA:3,(anonymous_9)
FNDA:0,sessionSuccess
FNDA:0,invalidSession
DA:0,3
DA:6,3
DA:10,3
DA:11,0
DA:12,3
DA:13,2
DA:15,1
DA:21,0
DA:25,0
LF:9
LH:6
BRDA:3,1,0,3
BRDA:3,1,1,3
BRDA:3,2,0,3
BRDA:3,2,1,0
BRDA:3,3,0,1
BRDA:3,3,1,0
BRDA:3,4,0,0
BRDA:3,4,1,1
BRDA:17,5,0,1
BRDA:17,5,1,1
BRDA:17,6,0,2
BRDA:17,6,1,2
BRDA:19,7,0,0
BRDA:19,7,1,1
BRDA:32,8,0,0
BRDA:32,8,1,3
BRDA:34,9,0,2
BRDA:34,9,1,1
BRF:18
BRH:17
end_of_record
TN:
SF:/Users/bryomckim/Andela/DMS-Frontend/app/actions/signupActions.js
FN:3,(anonymous_1)
FN:3,defineProperties
FN:3,(anonymous_3)
FN:17,_interopRequireDefault
FN:19,_classCallCheck
FN:21,(anonymous_6)
FN:22,SignupActions
FN:28,createUser
FN:31,(anonymous_9)
FN:44,signupSuccess
FN:49,signupError
FNF:11
FNH:11
FNDA:1,(anonymous_1)
FNDA:1,defineProperties
FNDA:1,(anonymous_3)
FNDA:2,_interopRequireDefault
FNDA:1,_classCallCheck
FNDA:1,(anonymous_6)
FNDA:1,SignupActions
FNDA:3,createUser
FNDA:3,(anonymous_9)
FNDA:0,signupSuccess
FNDA:0,signupError
DA:0,3
DA:6,3
DA:11,3
DA:12,0
DA:13,0
DA:14,3
DA:15,2
DA:17,1
DA:23,0
DA:28,0
LF:10
LH:6
BRDA:3,1,0,3
BRDA:3,1,1,3
BRDA:3,2,0,3
BRDA:3,2,1,0
BRDA:3,3,0,1
BRDA:3,3,1,0
BRDA:3,4,0,0
BRDA:3,4,1,1
BRDA:17,5,0,1
BRDA:17,5,1,1
BRDA:17,6,0,2
BRDA:17,6,1,2
BRDA:19,7,0,0
BRDA:19,7,1,1
BRDA:32,8,0,0
BRDA:32,8,1,3
BRDA:35,9,0,2
BRDA:35,9,1,1
BRDA:35,10,0,3
BRDA:35,10,1,3
BRF:20
BRH:19
end_of_record
TN:
SF:/Users/bryomckim/Andela/DMS-Frontend/app/components/main.jsx
FN:3,(anonymous_1)
FN:3,defineProperties
FN:3,(anonymous_3)
FN:21,_interopRequireDefault
FN:23,_classCallCheck
FN:25,_possibleConstructorReturn
FN:27,_inherits
FN:29,(anonymous_8)
FN:32,Main
FN:40,render
FNF:10
FNH:10
FNDA:1,(anonymous_1)
FNDA:1,defineProperties
FNDA:1,(anonymous_3)
FNDA:3,_interopRequireDefault
FNDA:5,_classCallCheck
FNDA:5,_possibleConstructorReturn
FNDA:1,_inherits
FNDA:1,(anonymous_8)
FNDA:5,Main
FNDA:5,render
DA:0,5
DA:6,1
DA:11,5
LF:3
LH:3
BRDA:3,1,0,1
BRDA:3,1,1,1
BRDA:3,2,0,1
BRDA:3,2,1,0
BRDA:3,3,0,1
BRDA:3,3,1,0
BRDA:3,4,0,0
BRDA:3,4,1,1
BRDA:21,5,0,2
BRDA:21,5,1,1
BRDA:21,6,0,3
BRDA:21,6,1,3
BRDA:23,7,0,0
BRDA:23,7,1,5
BRDA:25,8,0,0
BRDA:25,8,1,5
BRDA:25,9,0,0
BRDA:25,9,1,5
BRDA:25,10,0,5
BRDA:25,10,1,0
BRDA:25,10,2,0
BRDA:27,11,0,0
BRDA:27,11,1,1
BRDA:27,12,0,1
BRDA:27,12,1,0
BRDA:27,13,0,1
BRDA:27,13,1,1
BRDA:27,14,0,1
BRDA:27,14,1,0
BRDA:27,15,0,0
BRDA:27,15,1,1
BRF:31
BRH:31
end_of_record
TN:
SF:/Users/bryomckim/Andela/DMS-Frontend/app/components/nav-bar/app.jsx
FN:3,(anonymous_1)
FN:3,defineProperties
FN:3,(anonymous_3)
FN:105,_interopRequireDefault
FN:107,_classCallCheck
FN:109,_possibleConstructorReturn
FN:111,_inherits
FN:115,(anonymous_8)
FN:118,App
FN:123,(anonymous_10)
FN:132,(anonymous_11)
FN:136,(anonymous_12)
FN:140,(anonymous_13)
FN:144,(anonymous_14)
FN:148,(anonymous_15)
FN:152,(anonymous_16)
FN:156,(anonymous_17)
FN:160,(anonymous_18)
FN:164,(anonymous_19)
FN:168,(anonymous_20)
FN:173,(anonymous_21)
FN:182,(anonymous_22)
FN:200,componentWillReceiveProps
FN:203,shouldComponentUpdate
FN:208,componentDidMount
FN:216,render
FN:282,onRequestChange
FN:293,onTouchTap
FN:314,getStores
FN:319,getPropsFromStores
FNF:30
FNH:15
FNDA:1,(anonymous_1)
FNDA:2,defineProperties
FNDA:1,(anonymous_3)
FNDA:24,_interopRequireDefault
FNDA:6,_classCallCheck
FNDA:6,_possibleConstructorReturn
FNDA:1,_inherits
FNDA:1,(anonymous_8)
FNDA:6,App
FNDA:0,(anonymous_10)
FNDA:0,(anonymous_11)
FNDA:0,(anonymous_12)
FNDA:0,(anonymous_13)
FNDA:0,(anonymous_14)
FNDA:0,(anonymous_15)
FNDA:0,(anonymous_16)
FNDA:0,(anonymous_17)
FNDA:0,(anonymous_18)
FNDA:0,(anonymous_19)
FNDA:0,(anonymous_20)
FNDA:0,(anonymous_21)
FNDA:0,(anonymous_22)
FNDA:1,componentWillReceiveProps
FNDA:1,shouldComponentUpdate
FNDA:6,componentDidMount
FNDA:7,render
FNDA:0,onRequestChange
FNDA:0,onTouchTap
FNDA:6,getStores
FNDA:8,getPropsFromStores
DA:0,24
DA:28,1
DA:31,1
DA:33,6
DA:46,6
DA:50,8
DA:58,1
DA:61,6
DA:62,6
DA:65,6
DA:69,0
DA:70,0
DA:71,0
DA:73,0
DA:77,0
DA:94,0
DA:98,0
DA:99,0
DA:103,0
DA:104,0
DA:105,0
DA:106,0
DA:107,0
DA:112,0
DA:116,7
DA:174,0
LF:26
LH:11
BRDA:3,1,0,6
BRDA:3,1,1,6
BRDA:3,2,0,6
BRDA:3,2,1,0
BRDA:3,3,0,1
BRDA:3,3,1,0
BRDA:3,4,0,1
BRDA:3,4,1,0
BRDA:105,5,0,9
BRDA:105,5,1,15
BRDA:105,6,0,24
BRDA:105,6,1,24
BRDA:107,7,0,0
BRDA:107,7,1,6
BRDA:109,8,0,0
BRDA:109,8,1,6
BRDA:109,9,0,0
BRDA:109,9,1,6
BRDA:109,10,0,6
BRDA:109,10,1,0
BRDA:109,10,2,0
BRDA:111,11,0,0
BRDA:111,11,1,1
BRDA:111,12,0,1
BRDA:111,12,1,0
BRDA:111,13,0,1
BRDA:111,13,1,1
BRDA:111,14,0,1
BRDA:111,14,1,0
BRDA:111,15,0,0
BRDA:111,15,1,1
BRDA:125,16,0,0
BRDA:125,16,1,0
BRDA:125,17,0,0
BRDA:125,17,1,0
BRDA:175,18,0,0
BRDA:175,18,1,0
BRDA:175,19,0,0
BRDA:175,19,1,0
BRDA:240,20,0,0
BRDA:240,20,1,7
BRDA:286,21,0,0
BRDA:286,21,1,7
BRF:43
BRH:33
end_of_record
TN:
SF:/Users/bryomckim/Andela/DMS-Frontend/app/components/side-bar/side-card.jsx
FN:3,(anonymous_1)
FN:3,defineProperties
FN:3,(anonymous_3)
FN:25,_interopRequireDefault
FN:27,_classCallCheck
FN:29,_possibleConstructorReturn
FN:31,_inherits
FN:33,(anonymous_8)
FN:36,SideCard
FN:44,render
FNF:10
FNH:10
FNDA:1,(anonymous_1)
FNDA:1,defineProperties
FNDA:1,(anonymous_3)
FNDA:4,_interopRequireDefault
FNDA:6,_classCallCheck
FNDA:6,_possibleConstructorReturn
FNDA:1,_inherits
FNDA:1,(anonymous_8)
FNDA:6,SideCard
FNDA:7,render
DA:0,6
DA:7,1
DA:12,7
DA:13,7
LF:4
LH:4
BRDA:3,1,0,1
BRDA:3,1,1,1
BRDA:3,2,0,1
BRDA:3,2,1,0
BRDA:3,3,0,1
BRDA:3,3,1,0
BRDA:3,4,0,0
BRDA:3,4,1,1
BRDA:25,5,0,0
BRDA:25,5,1,4
BRDA:25,6,0,4
BRDA:25,6,1,4
BRDA:27,7,0,0
BRDA:27,7,1,6
BRDA:29,8,0,0
BRDA:29,8,1,6
BRDA:29,9,0,0
BRDA:29,9,1,6
BRDA:29,10,0,6
BRDA:29,10,1,0
BRDA:29,10,2,0
BRDA:31,11,0,0
BRDA:31,11,1,1
BRDA:31,12,0,1
BRDA:31,12,1,0
BRDA:31,13,0,1
BRDA:31,13,1,1
BRDA:31,14,0,1
BRDA:31,14,1,0
BRDA:31,15,0,0
BRDA:31,15,1,1
BRDA:52,16,0,7
BRDA:52,16,1,7
BRDA:52,17,0,7
BRDA:52,17,1,7
BRF:35
BRH:35
end_of_record
TN:
SF:/Users/bryomckim/Andela/DMS-Frontend/app/components/login-page/login.jsx
FN:3,(anonymous_1)
FN:3,defineProperties
FN:3,(anonymous_3)
FN:49,_interopRequireDefault
FN:51,_classCallCheck
FN:53,_possibleConstructorReturn
FN:55,_inherits
FN:60,(anonymous_8)
FN:63,Login
FN:68,(anonymous_10)
FN:80,(anonymous_11)
FN:85,(anonymous_12)
FN:89,(anonymous_13)
FN:110,componentDidMount
FN:115,render
FNF:15
FNH:11
FNDA:1,(anonymous_1)
FNDA:1,defineProperties
FNDA:1,(anonymous_3)
FNDA:10,_interopRequireDefault
FNDA:13,_classCallCheck
FNDA:13,_possibleConstructorReturn
FNDA:1,_inherits
FNDA:1,(anonymous_8)
FNDA:13,Login
FNDA:0,(anonymous_10)
FNDA:0,(anonymous_11)
FNDA:0,(anonymous_12)
FNDA:0,(anonymous_13)
FNDA:12,componentDidMount
FNDA:17,render
DA:0,13
DA:12,1
DA:16,1
DA:18,13
DA:33,12
DA:37,0
DA:38,0
DA:39,0
DA:40,0
DA:41,0
DA:42,0
DA:43,0
DA:44,0
DA:49,0
DA:50,0
DA:53,0
DA:57,0
DA:60,17
LF:18
LH:6
BRDA:3,1,0,2
BRDA:3,1,1,2
BRDA:3,2,0,2
BRDA:3,2,1,0
BRDA:3,3,0,1
BRDA:3,3,1,0
BRDA:3,4,0,0
BRDA:3,4,1,1
BRDA:49,5,0,3
BRDA:49,5,1,7
BRDA:49,6,0,10
BRDA:49,6,1,10
BRDA:51,7,0,0
BRDA:51,7,1,13
BRDA:53,8,0,0
BRDA:53,8,1,13
BRDA:53,9,0,0
BRDA:53,9,1,13
BRDA:53,10,0,13
BRDA:53,10,1,0
BRDA:53,10,2,0
BRDA:55,11,0,0
BRDA:55,11,1,1
BRDA:55,12,0,1
BRDA:55,12,1,0
BRDA:55,13,0,1
BRDA:55,13,1,1
BRDA:55,14,0,1
BRDA:55,14,1,0
BRDA:55,15,0,0
BRDA:55,15,1,1
BRDA:69,16,0,0
BRDA:69,16,1,0
BRDA:69,17,0,0
BRDA:69,17,1,0
BRDA:75,18,0,0
BRDA:75,18,1,0
BRDA:75,19,0,0
BRDA:75,19,1,0
BRDA:148,20,0,0
BRDA:148,20,1,17
BRF:41
BRH:32
end_of_record
TN:
SF:/Users/bryomckim/Andela/DMS-Frontend/app/actions/LoginActions.js
FN:3,(anonymous_1)
FN:3,defineProperties
FN:3,(anonymous_3)
FN:17,_interopRequireDefault
FN:19,_classCallCheck
FN:21,(anonymous_6)
FN:22,LoginAction
FN:28,loginUser
FN:31,(anonymous_9)
FN:43,loginSuccess
FN:48,loginError
FNF:11
FNH:10
FNDA:1,(anonymous_1)
FNDA:1,defineProperties
FNDA:1,(anonymous_3)
FNDA:2,_interopRequireDefault
FNDA:1,_classCallCheck
FNDA:1,(anonymous_6)
FNDA:1,LoginAction
FNDA:0,loginUser
FNDA:0,(anonymous_9)
FNDA:0,loginSuccess
FNDA:0,loginError
DA:0,3
DA:6,0
DA:11,0
DA:12,0
DA:13,0
DA:14,0
DA:16,0
DA:22,0
DA:26,0
LF:9
LH:1
BRDA:3,1,0,3
BRDA:3,1,1,3
BRDA:3,2,0,3
BRDA:3,2,1,0
BRDA:3,3,0,1
BRDA:3,3,1,0
BRDA:3,4,0,0
BRDA:3,4,1,1
BRDA:17,5,0,1
BRDA:17,5,1,1
BRDA:17,6,0,2
BRDA:17,6,1,2
BRDA:19,7,0,0
BRDA:19,7,1,1
BRDA:32,8,0,0
BRDA:32,8,1,0
BRDA:34,9,0,0
BRDA:34,9,1,0
BRDA:34,10,0,0
BRDA:34,10,1,0
BRF:20
BRH:14
end_of_record
TN:
SF:/Users/bryomckim/Andela/DMS-Frontend/app/stores/LoginStore.js
FN:3,(anonymous_1)
FN:3,defineProperties
FN:3,(anonymous_3)
FN:17,_interopRequireDefault
FN:19,_classCallCheck
FN:21,(anonymous_6)
FN:22,LoginStore
FN:35,handleLogin
FN:40,loginSuccess
FN:45,loginError
FNF:10
FNH:10
FNDA:1,(anonymous_1)
FNDA:1,defineProperties
FNDA:1,(anonymous_3)
FNDA:2,_interopRequireDefault
FNDA:1,_classCallCheck
FNDA:1,(anonymous_6)
FNDA:1,LoginStore
FNDA:0,handleLogin
FNDA:0,loginSuccess
FNDA:0,loginError
DA:0,3
DA:5,1
DA:6,1
DA:7,1
DA:15,0
DA:18,0
DA:21,0
LF:7
LH:4
BRDA:3,1,0,3
BRDA:3,1,1,3
BRDA:3,2,0,3
BRDA:3,2,1,0
BRDA:3,3,0,1
BRDA:3,3,1,0
BRDA:3,4,0,0
BRDA:3,4,1,1
BRDA:17,5,0,2
BRDA:17,5,1,0
BRDA:17,6,0,2
BRDA:17,6,1,2
BRDA:19,7,0,0
BRDA:19,7,1,1
BRF:14
BRH:14
end_of_record
TN:
SF:/Users/bryomckim/Andela/DMS-Frontend/app/components/signup-page/signup.jsx
FN:3,(anonymous_1)
FN:3,defineProperties
FN:3,(anonymous_3)
FN:53,_interopRequireDefault
FN:55,_classCallCheck
FN:57,_possibleConstructorReturn
FN:59,_inherits
FN:64,(anonymous_8)
FN:67,Signup
FN:72,(anonymous_10)
FN:85,(anonymous_11)
FN:91,(anonymous_12)
FN:95,(anonymous_13)
FN:109,componentDidMount
FN:114,componentWillUnmount
FN:119,render
FN:181,getStores
FN:186,getPropsFromStores
FNF:18
FNH:14
FNDA:1,(anonymous_1)
FNDA:2,defineProperties
FNDA:1,(anonymous_3)
FNDA:11,_interopRequireDefault
FNDA:6,_classCallCheck
FNDA:6,_possibleConstructorReturn
FNDA:1,_inherits
FNDA:1,(anonymous_8)
FNDA:6,Signup
FNDA:0,(anonymous_10)
FNDA:0,(anonymous_11)
FNDA:0,(anonymous_12)
FNDA:0,(anonymous_13)
FNDA:6,componentDidMount
FNDA:0,componentWillUnmount
FNDA:7,render
FNDA:0,getStores
FNDA:0,getPropsFromStores
DA:0,11
DA:13,1
DA:17,1
DA:19,6
DA:27,0
DA:32,0
DA:33,0
DA:37,6
DA:41,0
DA:42,0
DA:46,0
DA:47,0
DA:49,0
DA:54,0
DA:55,0
DA:56,0
DA:59,0
DA:62,0
DA:66,0
DA:70,7
LF:20
LH:6
BRDA:3,1,0,5
BRDA:3,1,1,5
BRDA:3,2,0,5
BRDA:3,2,1,0
BRDA:3,3,0,1
BRDA:3,3,1,0
BRDA:3,4,0,1
BRDA:3,4,1,0
BRDA:53,5,0,4
BRDA:53,5,1,7
BRDA:53,6,0,11
BRDA:53,6,1,11
BRDA:55,7,0,0
BRDA:55,7,1,6
BRDA:57,8,0,0
BRDA:57,8,1,6
BRDA:57,9,0,0
BRDA:57,9,1,6
BRDA:57,10,0,6
BRDA:57,10,1,0
BRDA:57,10,2,0
BRDA:59,11,0,0
BRDA:59,11,1,1
BRDA:59,12,0,1
BRDA:59,12,1,0
BRDA:59,13,0,1
BRDA:59,13,1,1
BRDA:59,14,0,1
BRDA:59,14,1,0
BRDA:59,15,0,0
BRDA:59,15,1,1
BRDA:74,16,0,0
BRDA:74,16,1,0
BRDA:74,17,0,0
BRDA:74,17,1,0
BRDA:142,18,0,0
BRDA:142,18,1,7
BRF:37
BRH:32
end_of_record
TN:
SF:/Users/bryomckim/Andela/DMS-Frontend/app/stores/SignupStore.js
FN:3,(anonymous_1)
FN:3,defineProperties
FN:3,(anonymous_3)
FN:17,_interopRequireDefault
FN:19,_classCallCheck
FN:21,(anonymous_6)
FN:22,SignupStore
FN:39,handleSignup
FN:45,handleSignupSuccess
FN:50,handleError
FNF:10
FNH:10
FNDA:1,(anonymous_1)
FNDA:1,defineProperties
FNDA:1,(anonymous_3)
FNDA:2,_interopRequireDefault
FNDA:1,_classCallCheck
FNDA:1,(anonymous_6)
FNDA:1,SignupStore
FNDA:0,handleSignup
FNDA:0,handleSignupSuccess
FNDA:0,handleError
DA:0,3
DA:5,1
DA:6,1
DA:11,1
DA:20,0
DA:24,0
DA:28,0
LF:7
LH:4
BRDA:3,1,0,3
BRDA:3,1,1,3
BRDA:3,2,0,3
BRDA:3,2,1,0
BRDA:3,3,0,1
BRDA:3,3,1,0
BRDA:3,4,0,0
BRDA:3,4,1,1
BRDA:17,5,0,2
BRDA:17,5,1,0
BRDA:17,6,0,2
BRDA:17,6,1,2
BRDA:19,7,0,0
BRDA:19,7,1,1
BRF:14
BRH:14
end_of_record
TN:
SF:/Users/bryomckim/Andela/DMS-Frontend/app/components/side-bar/Category-list.jsx
FN:3,(anonymous_1)
FN:3,defineProperties
FN:3,(anonymous_3)
FN:29,_interopRequireDefault
FN:31,_classCallCheck
FN:33,_possibleConstructorReturn
FN:35,_inherits
FN:37,(anonymous_8)
FN:40,CategoryList
FN:45,(anonymous_10)
FN:57,componentWillMount
FN:62,componentDidMount
FN:67,componentWillReceiveProps
FN:70,shouldComponentUpdate
FN:75,render
FN:79,(anonymous_16)
FN:91,getStores
FN:96,getPropsFromStores
FNF:18
FNH:17
FNDA:1,(anonymous_1)
FNDA:2,defineProperties
FNDA:1,(anonymous_3)
FNDA:5,_interopRequireDefault
FNDA:6,_classCallCheck
FNDA:6,_possibleConstructorReturn
FNDA:1,_inherits
FNDA:1,(anonymous_8)
FNDA:6,CategoryList
FNDA:32,(anonymous_10)
FNDA:6,componentWillMount
FNDA:6,componentDidMount
FNDA:33,componentWillReceiveProps
FNDA:65,shouldComponentUpdate
FNDA:71,render
FNDA:0,(anonymous_16)
FNDA:6,getStores
FNDA:39,getPropsFromStores
DA:0,71
DA:8,1
DA:10,6
DA:16,6
DA:19,39
DA:23,6
DA:27,6
DA:34,65
DA:38,32
DA:43,71
DA:44,0
DA:49,71
LF:12
LH:11
BRDA:3,1,0,7
BRDA:3,1,1,7
BRDA:3,2,0,7
BRDA:3,2,1,0
BRDA:3,3,0,1
BRDA:3,3,1,0
BRDA:3,4,0,1
BRDA:3,4,1,0
BRDA:29,5,0,3
BRDA:29,5,1,2
BRDA:29,6,0,5
BRDA:29,6,1,5
BRDA:31,7,0,0
BRDA:31,7,1,6
BRDA:33,8,0,0
BRDA:33,8,1,6
BRDA:33,9,0,0
BRDA:33,9,1,6
BRDA:33,10,0,6
BRDA:33,10,1,0
BRDA:33,10,2,0
BRDA:35,11,0,0
BRDA:35,11,1,1
BRDA:35,12,0,1
BRDA:35,12,1,0
BRDA:35,13,0,1
BRDA:35,13,1,1
BRDA:35,14,0,1
BRDA:35,14,1,0
BRDA:35,15,0,0
BRDA:35,15,1,1
BRF:31
BRH:31
end_of_record
TN:
SF:/Users/bryomckim/Andela/DMS-Frontend/app/components/side-bar/Category.jsx
FN:3,(anonymous_1)
FN:3,defineProperties
FN:3,(anonymous_3)
FN:23,_interopRequireDefault
FN:25,_classCallCheck
FN:27,_possibleConstructorReturn
FN:29,_inherits
FN:31,(anonymous_8)
FN:34,Category
FN:39,(anonymous_10)
FN:48,render
FNF:11
FNH:9
FNDA:1,(anonymous_1)
FNDA:1,defineProperties
FNDA:1,(anonymous_3)
FNDA:3,_interopRequireDefault
FNDA:0,_classCallCheck
FNDA:0,_possibleConstructorReturn
FNDA:1,_inherits
FNDA:1,(anonymous_8)
FNDA:0,Category
FNDA:0,(anonymous_10)
FNDA:0,render
DA:0,3
DA:7,1
DA:12,0
DA:16,0
LF:4
LH:2
BRDA:3,1,0,1
BRDA:3,1,1,1
BRDA:3,2,0,1
BRDA:3,2,1,0
BRDA:3,3,0,1
BRDA:3,3,1,0
BRDA:3,4,0,0
BRDA:3,4,1,1
BRDA:23,5,0,0
BRDA:23,5,1,3
BRDA:23,6,0,3
BRDA:23,6,1,3
BRDA:25,7,0,0
BRDA:25,7,1,0
BRDA:27,8,0,0
BRDA:27,8,1,0
BRDA:27,9,0,0
BRDA:27,9,1,0
BRDA:27,10,0,0
BRDA:27,10,1,0
BRDA:27,10,2,0
BRDA:29,11,0,0
BRDA:29,11,1,1
BRDA:29,12,0,1
BRDA:29,12,1,0
BRDA:29,13,0,1
BRDA:29,13,1,1
BRDA:29,14,0,1
BRDA:29,14,1,0
BRDA:29,15,0,0
BRDA:29,15,1,1
BRF:31
BRH:31
end_of_record
TN:
SF:/Users/bryomckim/Andela/DMS-Frontend/app/stores/categoryStore.js
FN:3,(anonymous_1)
FN:3,defineProperties
FN:3,(anonymous_3)
FN:17,_interopRequireDefault
FN:19,_classCallCheck
FN:21,(anonymous_6)
FN:22,CategoryStore
FN:35,fetchCategory
FN:40,updateCategory
FN:45,handleError
FNF:10
FNH:10
FNDA:1,(anonymous_1)
FNDA:1,defineProperties
FNDA:1,(anonymous_3)
FNDA:2,_interopRequireDefault
FNDA:1,_classCallCheck
FNDA:1,(anonymous_6)
FNDA:1,CategoryStore
FNDA:0,fetchCategory
FNDA:0,updateCategory
FNDA:10,handleError
DA:0,3
DA:5,1
DA:7,1
DA:8,1
DA:16,0
DA:20,0
DA:24,10
LF:7
LH:5
BRDA:3,1,0,3
BRDA:3,1,1,3
BRDA:3,2,0,3
BRDA:3,2,1,0
BRDA:3,3,0,1
BRDA:3,3,1,0
BRDA:3,4,0,0
BRDA:3,4,1,1
BRDA:17,5,0,2
BRDA:17,5,1,0
BRDA:17,6,0,2
BRDA:17,6,1,2
BRDA:19,7,0,0
BRDA:19,7,1,1
BRF:14
BRH:14
end_of_record
TN:
SF:/Users/bryomckim/Andela/DMS-Frontend/app/stores/SessionStore.js
FN:3,(anonymous_1)
FN:3,defineProperties
FN:3,(anonymous_3)
FN:17,_interopRequireDefault
FN:19,_classCallCheck
FN:21,(anonymous_6)
FN:22,SessionStore
FN:35,handleSession
FN:40,handleSessionSuccess
FN:45,handleSessionError
FNF:10
FNH:10
FNDA:1,(anonymous_1)
FNDA:1,defineProperties
FNDA:1,(anonymous_3)
FNDA:2,_interopRequireDefault
FNDA:1,_classCallCheck
FNDA:1,(anonymous_6)
FNDA:1,SessionStore
FNDA:0,handleSession
FNDA:0,handleSessionSuccess
FNDA:0,handleSessionError
DA:0,3
DA:5,1
DA:6,1
DA:7,1
DA:15,0
DA:19,0
DA:23,0
LF:7
LH:4
BRDA:3,1,0,3
BRDA:3,1,1,3
BRDA:3,2,0,3
BRDA:3,2,1,0
BRDA:3,3,0,1
BRDA:3,3,1,0
BRDA:3,4,0,0
BRDA:3,4,1,1
BRDA:17,5,0,2
BRDA:17,5,1,0
BRDA:17,6,0,2
BRDA:17,6,1,2
BRDA:19,7,0,0
BRDA:19,7,1,1
BRF:14
BRH:14
end_of_record
TN:
SF:/Users/bryomckim/Andela/DMS-Frontend/app/stores/LogoutStore.js
FN:3,(anonymous_1)
FN:3,defineProperties
FN:3,(anonymous_3)
FN:17,_interopRequireDefault
FN:19,_classCallCheck
FN:21,(anonymous_6)
FN:22,LogoutStore
FN:35,handleLogout
FN:40,logoutSuccess
FN:45,logoutError
FNF:10
FNH:10
FNDA:1,(anonymous_1)
FNDA:1,defineProperties
FNDA:1,(anonymous_3)
FNDA:2,_interopRequireDefault
FNDA:1,_classCallCheck
FNDA:1,(anonymous_6)
FNDA:1,LogoutStore
FNDA:0,handleLogout
FNDA:0,logoutSuccess
FNDA:0,logoutError
DA:0,3
DA:5,1
DA:6,1
DA:7,1
DA:15,0
DA:18,0
DA:21,0
LF:7
LH:4
BRDA:3,1,0,3
BRDA:3,1,1,3
BRDA:3,2,0,3
BRDA:3,2,1,0
BRDA:3,3,0,1
BRDA:3,3,1,0
BRDA:3,4,0,0
BRDA:3,4,1,1
BRDA:17,5,0,2
BRDA:17,5,1,0
BRDA:17,6,0,2
BRDA:17,6,1,2
BRDA:19,7,0,0
BRDA:19,7,1,1
BRF:14
BRH:14
end_of_record
TN:
SF:/Users/bryomckim/Andela/DMS-Frontend/app/components/nav-bar/title-head.jsx
FN:15,_interopRequireDefault
FN:17,TitleHead
FNF:2
FNH:2
FNDA:2,_interopRequireDefault
FNDA:3,TitleHead
DA:0,3
DA:4,1
LF:2
LH:2
BRDA:15,1,0,0
BRDA:15,1,1,2
BRDA:15,2,0,2
BRDA:15,2,1,2
BRF:4
BRH:4
end_of_record
TN:
SF:/Users/bryomckim/Andela/DMS-Frontend/app/components/create-page/CreateDoc-page.jsx
FN:3,(anonymous_1)
FN:3,defineProperties
FN:3,(anonymous_3)
FN:63,_interopRequireDefault
FN:65,_classCallCheck
FN:67,_possibleConstructorReturn
FN:69,_inherits
FN:79,(anonymous_8)
FN:82,CreateDoc
FN:87,(anonymous_10)
FN:91,(anonymous_11)
FN:95,(anonymous_12)
FN:100,(anonymous_13)
FN:123,(anonymous_14)
FN:141,(anonymous_15)
FN:145,(anonymous_16)
FN:157,(anonymous_17)
FN:161,(anonymous_18)
FN:180,componentWillMount
FN:191,componentDidMount
FN:197,render
FN:198,(anonymous_22)
FNF:22
FNH:14
FNDA:1,(anonymous_1)
FNDA:1,defineProperties
FNDA:1,(anonymous_3)
FNDA:13,_interopRequireDefault
FNDA:5,_classCallCheck
FNDA:5,_possibleConstructorReturn
FNDA:1,_inherits
FNDA:1,(anonymous_8)
FNDA:5,CreateDoc
FNDA:0,(anonymous_10)
FNDA:0,(anonymous_11)
FNDA:18,(anonymous_12)
FNDA:0,(anonymous_13)
FNDA:0,(anonymous_14)
FNDA:0,(anonymous_15)
FNDA:0,(anonymous_16)
FNDA:0,(anonymous_17)
FNDA:20,(anonymous_18)
FNDA:5,componentWillMount
FNDA:3,componentDidMount
FNDA:34,render
FNDA:0,(anonymous_22)
DA:0,13
DA:18,1
DA:21,1
DA:24,1
DA:26,5
DA:39,0
DA:43,0
DA:47,5
DA:48,5
DA:49,0
DA:50,0
DA:51,0
DA:52,0
DA:57,3
DA:58,3
DA:62,18
DA:63,18
DA:67,0
DA:68,0
DA:69,0
DA:70,0
DA:72,0
DA:73,0
DA:75,0
DA:76,0
DA:77,0
DA:78,0
DA:79,0
DA:80,0
DA:82,0
DA:84,0
DA:85,0
DA:89,0
DA:90,0
DA:91,0
DA:95,0
DA:96,0
DA:97,0
DA:98,0
DA:99,0
DA:100,0
DA:101,0
DA:102,0
DA:103,0
DA:108,0
DA:112,0
DA:113,0
DA:114,0
DA:115,0
DA:116,0
DA:117,0
DA:118,0
DA:119,0
DA:123,0
DA:127,20
DA:130,34
DA:131,0
DA:134,34
LF:58
LH:14
BRDA:3,1,0,3
BRDA:3,1,1,3
BRDA:3,2,0,3
BRDA:3,2,1,0
BRDA:3,3,0,1
BRDA:3,3,1,0
BRDA:3,4,0,0
BRDA:3,4,1,1
BRDA:63,5,0,4
BRDA:63,5,1,9
BRDA:63,6,0,13
BRDA:63,6,1,13
BRDA:65,7,0,0
BRDA:65,7,1,5
BRDA:67,8,0,0
BRDA:67,8,1,5
BRDA:67,9,0,0
BRDA:67,9,1,5
BRDA:67,10,0,5
BRDA:67,10,1,0
BRDA:67,10,2,0
BRDA:69,11,0,0
BRDA:69,11,1,1
BRDA:69,12,0,1
BRDA:69,12,1,0
BRDA:69,13,0,1
BRDA:69,13,1,1
BRDA:69,14,0,1
BRDA:69,14,1,0
BRDA:69,15,0,0
BRDA:69,15,1,1
BRDA:101,16,0,0
BRDA:101,16,1,0
BRDA:101,17,0,0
BRDA:101,17,1,0
BRDA:106,18,0,0
BRDA:106,18,1,0
BRDA:106,19,0,0
BRDA:106,19,1,0
BRDA:109,20,0,0
BRDA:109,20,1,0
BRDA:109,21,0,0
BRDA:109,21,1,0
BRDA:116,22,0,0
BRDA:116,22,1,0
BRDA:132,23,0,0
BRDA:132,23,1,0
BRDA:135,24,0,0
BRDA:135,24,1,0
BRDA:148,25,0,0
BRDA:148,25,1,0
BRDA:150,26,0,0
BRDA:150,26,1,0
BRDA:152,27,0,0
BRDA:152,27,1,0
BRDA:182,28,0,0
BRDA:182,28,1,5
BRF:57
BRH:32
end_of_record
TN:
SF:/Users/bryomckim/Andela/DMS-Frontend/app/stores/DocumentStore.js
FN:3,(anonymous_1)
FN:3,defineProperties
FN:3,(anonymous_3)
FN:17,_interopRequireDefault
FN:19,_classCallCheck
FN:21,(anonymous_6)
FN:22,DocumentStore
FN:36,handleDocumentsFetch
FN:41,handleFetchDocuments
FN:48,handleFetchErrors
FN:53,handleDeleteResponse
FNF:11
FNH:11
FNDA:1,(anonymous_1)
FNDA:1,defineProperties
FNDA:1,(anonymous_3)
FNDA:2,_interopRequireDefault
FNDA:1,_classCallCheck
FNDA:1,(anonymous_6)
FNDA:1,DocumentStore
FNDA:0,handleDocumentsFetch
FNDA:0,handleFetchDocuments
FNDA:0,handleFetchErrors
FNDA:0,handleDeleteResponse
DA:0,4
DA:5,1
DA:6,1
DA:7,1
DA:16,0
DA:21,0
DA:25,0
DA:29,0
DA:30,0
LF:9
LH:4
BRDA:3,1,0,4
BRDA:3,1,1,4
BRDA:3,2,0,4
BRDA:3,2,1,0
BRDA:3,3,0,1
BRDA:3,3,1,0
BRDA:3,4,0,0
BRDA:3,4,1,1
BRDA:17,5,0,2
BRDA:17,5,1,0
BRDA:17,6,0,2
BRDA:17,6,1,2
BRDA:19,7,0,0
BRDA:19,7,1,1
BRF:14
BRH:14
end_of_record
TN:
SF:/Users/bryomckim/Andela/DMS-Frontend/app/components/dashboard/document.jsx
FN:3,(anonymous_1)
FN:3,defineProperties
FN:3,(anonymous_3)
FN:111,_interopRequireDefault
FN:113,_classCallCheck
FN:115,_possibleConstructorReturn
FN:117,_inherits
FN:121,(anonymous_8)
FN:124,Document
FN:135,componentDidMount
FN:140,componentWillUnmount
FN:143,render
FN:146,ActionNodes
FNF:13
FNH:13
FNDA:1,(anonymous_1)
FNDA:1,defineProperties
FNDA:1,(anonymous_3)
FNDA:25,_interopRequireDefault
FNDA:4,_classCallCheck
FNDA:4,_possibleConstructorReturn
FNDA:1,_inherits
FNDA:1,(anonymous_8)
FNDA:4,Document
FNDA:4,componentDidMount
FNDA:3,componentWillUnmount
FNDA:8,render
FNDA:8,ActionNodes
DA:0,25
DA:30,1
DA:33,1
DA:35,4
DA:39,4
DA:45,8
DA:46,8
DA:47,8
DA:53,0
DA:56,8
LF:10
LH:9
BRDA:3,1,0,3
BRDA:3,1,1,3
BRDA:3,2,0,3
BRDA:3,2,1,0
BRDA:3,3,0,1
BRDA:3,3,1,0
BRDA:3,4,0,0
BRDA:3,4,1,1
BRDA:111,5,0,3
BRDA:111,5,1,22
BRDA:111,6,0,25
BRDA:111,6,1,25
BRDA:113,7,0,0
BRDA:113,7,1,4
BRDA:115,8,0,0
BRDA:115,8,1,4
BRDA:115,9,0,0
BRDA:115,9,1,4
BRDA:115,10,0,4
BRDA:115,10,1,0
BRDA:115,10,2,0
BRDA:117,11,0,0
BRDA:117,11,1,1
BRDA:117,12,0,1
BRDA:117,12,1,0
BRDA:117,13,0,1
BRDA:117,13,1,1
BRDA:117,14,0,1
BRDA:117,14,1,0
BRDA:117,15,0,0
BRDA:117,15,1,1
BRDA:147,16,0,8
BRDA:147,16,1,0
BRF:33
BRH:32
end_of_record
