{"/Users/bryomckim/Andela/DMS-Frontend/spec/category.spec.js":{"path":"/Users/bryomckim/Andela/DMS-Frontend/spec/category.spec.js","s":{"1":1,"2":1,"3":1,"4":1,"5":1,"6":1,"7":1,"8":1,"9":1,"10":1,"11":1,"12":1,"13":1,"14":1,"15":1,"16":1,"17":1,"18":1,"19":1,"20":1,"21":1,"22":1,"23":1,"24":1,"25":1,"26":1,"27":1,"28":1,"29":1,"30":1,"31":1,"32":1,"33":1,"34":1,"35":1,"36":1,"37":1,"38":1,"39":1,"40":1,"41":1,"42":1,"43":1,"44":1,"45":1,"46":1,"47":1,"48":1,"49":1,"50":1,"51":1,"52":1,"53":1,"54":1,"55":1,"56":1,"57":1,"58":1,"59":1,"60":1,"61":1,"62":1,"63":1,"64":1,"65":1,"66":1},"b":{},"f":{"1":1,"2":1,"3":1,"4":1,"5":1,"6":1,"7":1,"8":1,"9":1,"10":1,"11":1,"12":1,"13":1,"14":1,"15":1,"16":1,"17":1,"18":1,"19":1,"20":1,"21":1,"22":1,"23":1,"24":1},"fnMap":{"1":{"name":"(anonymous_1)","line":1,"loc":{"start":{"line":1,"column":1},"end":{"line":1,"column":12}}},"2":{"name":"(anonymous_2)","line":7,"loc":{"start":{"line":7,"column":41},"end":{"line":7,"column":52}}},"3":{"name":"(anonymous_3)","line":10,"loc":{"start":{"line":10,"column":14},"end":{"line":10,"column":29}}},"4":{"name":"(anonymous_4)","line":11,"loc":{"start":{"line":11,"column":18},"end":{"line":11,"column":33}}},"5":{"name":"(anonymous_5)","line":17,"loc":{"start":{"line":17,"column":58},"end":{"line":17,"column":73}}},"6":{"name":"(anonymous_6)","line":25,"loc":{"start":{"line":25,"column":13},"end":{"line":25,"column":32}}},"7":{"name":"(anonymous_7)","line":34,"loc":{"start":{"line":34,"column":38},"end":{"line":34,"column":53}}},"8":{"name":"(anonymous_8)","line":42,"loc":{"start":{"line":42,"column":13},"end":{"line":42,"column":32}}},"9":{"name":"(anonymous_9)","line":51,"loc":{"start":{"line":51,"column":31},"end":{"line":51,"column":46}}},"10":{"name":"(anonymous_10)","line":56,"loc":{"start":{"line":56,"column":13},"end":{"line":56,"column":32}}},"11":{"name":"(anonymous_11)","line":66,"loc":{"start":{"line":66,"column":39},"end":{"line":66,"column":54}}},"12":{"name":"(anonymous_12)","line":72,"loc":{"start":{"line":72,"column":13},"end":{"line":72,"column":32}}},"13":{"name":"(anonymous_13)","line":80,"loc":{"start":{"line":80,"column":17},"end":{"line":80,"column":36}}},"14":{"name":"(anonymous_14)","line":90,"loc":{"start":{"line":90,"column":47},"end":{"line":90,"column":62}}},"15":{"name":"(anonymous_15)","line":95,"loc":{"start":{"line":95,"column":13},"end":{"line":95,"column":32}}},"16":{"name":"(anonymous_16)","line":103,"loc":{"start":{"line":103,"column":17},"end":{"line":103,"column":36}}},"17":{"name":"(anonymous_17)","line":113,"loc":{"start":{"line":113,"column":49},"end":{"line":113,"column":64}}},"18":{"name":"(anonymous_18)","line":114,"loc":{"start":{"line":114,"column":39},"end":{"line":114,"column":54}}},"19":{"name":"(anonymous_19)","line":119,"loc":{"start":{"line":119,"column":15},"end":{"line":119,"column":34}}},"20":{"name":"(anonymous_20)","line":124,"loc":{"start":{"line":124,"column":19},"end":{"line":124,"column":38}}},"21":{"name":"(anonymous_21)","line":135,"loc":{"start":{"line":135,"column":40},"end":{"line":135,"column":55}}},"22":{"name":"(anonymous_22)","line":136,"loc":{"start":{"line":136,"column":39},"end":{"line":136,"column":54}}},"23":{"name":"(anonymous_23)","line":141,"loc":{"start":{"line":141,"column":15},"end":{"line":141,"column":34}}},"24":{"name":"(anonymous_24)","line":149,"loc":{"start":{"line":149,"column":19},"end":{"line":149,"column":38}}}},"statementMap":{"1":{"start":{"line":1,"column":0},"end":{"line":null,"column":-1}},"2":{"start":{"line":3,"column":2},"end":{"line":1,"column":12}},"3":{"start":{"line":4,"column":2},"end":{"line":1,"column":12}},"4":{"start":{"line":5,"column":2},"end":{"line":1,"column":12}},"5":{"start":{"line":7,"column":2},"end":{"line":1,"column":12}},"6":{"start":{"line":8,"column":4},"end":{"line":7,"column":52}},"7":{"start":{"line":10,"column":4},"end":{"line":7,"column":52}},"8":{"start":{"line":11,"column":6},"end":{"line":10,"column":29}},"9":{"start":{"line":12,"column":8},"end":{"line":11,"column":33}},"10":{"start":{"line":13,"column":8},"end":{"line":11,"column":33}},"11":{"start":{"line":17,"column":4},"end":{"line":7,"column":52}},"12":{"start":{"line":18,"column":6},"end":{"line":17,"column":73}},"13":{"start":{"line":26,"column":10},"end":{"line":25,"column":32}},"14":{"start":{"line":27,"column":10},"end":{"line":25,"column":32}},"15":{"start":{"line":28,"column":10},"end":{"line":25,"column":32}},"16":{"start":{"line":29,"column":10},"end":{"line":25,"column":32}},"17":{"start":{"line":30,"column":10},"end":{"line":25,"column":32}},"18":{"start":{"line":34,"column":4},"end":{"line":7,"column":52}},"19":{"start":{"line":35,"column":6},"end":{"line":34,"column":53}},"20":{"start":{"line":43,"column":10},"end":{"line":42,"column":32}},"21":{"start":{"line":44,"column":10},"end":{"line":42,"column":32}},"22":{"start":{"line":45,"column":10},"end":{"line":42,"column":32}},"23":{"start":{"line":46,"column":10},"end":{"line":42,"column":32}},"24":{"start":{"line":47,"column":10},"end":{"line":42,"column":32}},"25":{"start":{"line":51,"column":4},"end":{"line":7,"column":52}},"26":{"start":{"line":52,"column":6},"end":{"line":51,"column":46}},"27":{"start":{"line":57,"column":10},"end":{"line":56,"column":32}},"28":{"start":{"line":58,"column":10},"end":{"line":56,"column":32}},"29":{"start":{"line":59,"column":10},"end":{"line":56,"column":32}},"30":{"start":{"line":60,"column":10},"end":{"line":56,"column":32}},"31":{"start":{"line":61,"column":10},"end":{"line":56,"column":32}},"32":{"start":{"line":62,"column":10},"end":{"line":56,"column":32}},"33":{"start":{"line":66,"column":4},"end":{"line":7,"column":52}},"34":{"start":{"line":68,"column":6},"end":{"line":66,"column":54}},"35":{"start":{"line":73,"column":10},"end":{"line":72,"column":32}},"36":{"start":{"line":81,"column":14},"end":{"line":80,"column":36}},"37":{"start":{"line":82,"column":14},"end":{"line":80,"column":36}},"38":{"start":{"line":83,"column":14},"end":{"line":80,"column":36}},"39":{"start":{"line":84,"column":14},"end":{"line":80,"column":36}},"40":{"start":{"line":85,"column":14},"end":{"line":80,"column":36}},"41":{"start":{"line":90,"column":4},"end":{"line":7,"column":52}},"42":{"start":{"line":91,"column":6},"end":{"line":90,"column":62}},"43":{"start":{"line":96,"column":10},"end":{"line":95,"column":32}},"44":{"start":{"line":104,"column":14},"end":{"line":103,"column":36}},"45":{"start":{"line":105,"column":14},"end":{"line":103,"column":36}},"46":{"start":{"line":106,"column":14},"end":{"line":103,"column":36}},"47":{"start":{"line":107,"column":14},"end":{"line":103,"column":36}},"48":{"start":{"line":108,"column":14},"end":{"line":103,"column":36}},"49":{"start":{"line":113,"column":4},"end":{"line":7,"column":52}},"50":{"start":{"line":114,"column":6},"end":{"line":113,"column":64}},"51":{"start":{"line":115,"column":8},"end":{"line":114,"column":54}},"52":{"start":{"line":120,"column":12},"end":{"line":119,"column":34}},"53":{"start":{"line":125,"column":16},"end":{"line":124,"column":38}},"54":{"start":{"line":126,"column":16},"end":{"line":124,"column":38}},"55":{"start":{"line":127,"column":16},"end":{"line":124,"column":38}},"56":{"start":{"line":128,"column":16},"end":{"line":124,"column":38}},"57":{"start":{"line":129,"column":16},"end":{"line":124,"column":38}},"58":{"start":{"line":135,"column":4},"end":{"line":7,"column":52}},"59":{"start":{"line":136,"column":6},"end":{"line":135,"column":55}},"60":{"start":{"line":137,"column":8},"end":{"line":136,"column":54}},"61":{"start":{"line":142,"column":12},"end":{"line":141,"column":34}},"62":{"start":{"line":150,"column":16},"end":{"line":149,"column":38}},"63":{"start":{"line":151,"column":16},"end":{"line":149,"column":38}},"64":{"start":{"line":152,"column":16},"end":{"line":149,"column":38}},"65":{"start":{"line":153,"column":16},"end":{"line":149,"column":38}},"66":{"start":{"line":154,"column":16},"end":{"line":149,"column":38}}},"branchMap":{}},"/Users/bryomckim/Andela/DMS-Frontend/server.js":{"path":"/Users/bryomckim/Andela/DMS-Frontend/server.js","s":{"1":1,"2":1,"3":1,"4":1,"5":1,"6":1,"7":1,"8":1,"9":1,"10":0,"11":1,"12":1,"13":1,"14":1,"15":1,"16":1,"17":1,"18":1,"19":1,"20":0,"21":1,"22":0,"23":1,"24":1,"25":1,"26":1,"27":0,"28":1,"29":1},"b":{"1":[0,1],"2":[0,0],"3":[0,1],"4":[1,0],"5":[0,1]},"f":{"1":1,"2":1,"3":0,"4":0,"5":1},"fnMap":{"1":{"name":"(anonymous_1)","line":1,"loc":{"start":{"line":1,"column":1},"end":{"line":1,"column":12}}},"2":{"name":"(anonymous_2)","line":19,"loc":{"start":{"line":19,"column":36},"end":{"line":19,"column":50}}},"3":{"name":"(anonymous_3)","line":41,"loc":{"start":{"line":41,"column":25},"end":{"line":41,"column":44}}},"4":{"name":"(anonymous_4)","line":48,"loc":{"start":{"line":48,"column":20},"end":{"line":48,"column":32}}},"5":{"name":"(anonymous_5)","line":57,"loc":{"start":{"line":57,"column":19},"end":{"line":57,"column":33}}}},"statementMap":{"1":{"start":{"line":1,"column":0},"end":{"line":null,"column":-1}},"2":{"start":{"line":3,"column":2},"end":{"line":1,"column":12}},"3":{"start":{"line":11,"column":2},"end":{"line":1,"column":12}},"4":{"start":{"line":12,"column":2},"end":{"line":1,"column":12}},"5":{"start":{"line":14,"column":2},"end":{"line":1,"column":12}},"6":{"start":{"line":15,"column":2},"end":{"line":1,"column":12}},"7":{"start":{"line":16,"column":2},"end":{"line":16,"column":6}},"8":{"start":{"line":1,"column":12},"end":{"line":1,"column":11}},"9":{"start":{"line":20,"column":4},"end":{"line":20,"column":3}},"10":{"start":{"line":21,"column":6},"end":{"line":20,"column":13}},"11":{"start":{"line":23,"column":6},"end":{"line":22,"column":11}},"12":{"start":{"line":27,"column":2},"end":{"line":1,"column":12}},"13":{"start":{"line":30,"column":2},"end":{"line":1,"column":12}},"14":{"start":{"line":31,"column":2},"end":{"line":1,"column":12}},"15":{"start":{"line":32,"column":2},"end":{"line":1,"column":12}},"16":{"start":{"line":35,"column":2},"end":{"line":35,"column":1}},"17":{"start":{"line":36,"column":4},"end":{"line":35,"column":20}},"18":{"start":{"line":37,"column":4},"end":{"line":null,"column":-1}},"19":{"start":{"line":35,"column":20},"end":{"line":35,"column":19}},"20":{"start":{"line":42,"column":6},"end":{"line":41,"column":44}},"21":{"start":{"line":48,"column":2},"end":{"line":1,"column":12}},"22":{"start":{"line":49,"column":6},"end":{"line":48,"column":32}},"23":{"start":{"line":53,"column":2},"end":{"line":53,"column":6}},"24":{"start":{"line":1,"column":12},"end":{"line":1,"column":11}},"25":{"start":{"line":57,"column":2},"end":{"line":1,"column":12}},"26":{"start":{"line":58,"column":4},"end":{"line":58,"column":3}},"27":{"start":{"line":58,"column":13},"end":{"line":58,"column":4}},"28":{"start":{"line":59,"column":4},"end":{"line":57,"column":33}},"29":{"start":{"line":62,"column":2},"end":{"line":1,"column":12}}},"branchMap":{"1":{"line":15,"type":"cond-expr","locations":[{"start":{"line":15,"column":28},"end":{"line":15,"column":27}},{"start":{"line":15,"column":55},"end":{"line":15,"column":13}}]},"2":{"line":15,"type":"binary-expr","locations":[{"start":{"line":15,"column":28},"end":{"line":15,"column":27}},{"start":{"line":15,"column":48},"end":{"line":15,"column":28}}]},"3":{"line":20,"type":"if","locations":[{"start":{"line":20,"column":4},"end":{"line":20,"column":7}},{"start":{"line":20,"column":4},"end":{"line":20,"column":7}}]},"4":{"line":35,"type":"if","locations":[{"start":{"line":35,"column":2},"end":{"line":35,"column":4}},{"start":{"line":35,"column":2},"end":{"line":35,"column":4}}]},"5":{"line":58,"type":"if","locations":[{"start":{"line":58,"column":4},"end":{"line":58,"column":7}},{"start":{"line":58,"column":4},"end":{"line":58,"column":7}}]}}},"/Users/bryomckim/Andela/DMS-Frontend/server/config/config.js":{"path":"/Users/bryomckim/Andela/DMS-Frontend/server/config/config.js","s":{"1":1,"2":1},"b":{"1":[1,1]},"f":{"1":1},"fnMap":{"1":{"name":"(anonymous_1)","line":1,"loc":{"start":{"line":1,"column":1},"end":{"line":1,"column":12}}}},"statementMap":{"1":{"start":{"line":1,"column":0},"end":{"line":null,"column":-1}},"2":{"start":{"line":3,"column":2},"end":{"line":1,"column":12}}},"branchMap":{"1":{"line":6,"type":"binary-expr","locations":[{"start":{"line":6,"column":12},"end":{"line":6,"column":11}},{"start":{"line":6,"column":32},"end":{"line":6,"column":12}}]}}},"/Users/bryomckim/Andela/DMS-Frontend/bundle.js":{"path":"/Users/bryomckim/Andela/DMS-Frontend/bundle.js","s":{"1":1,"2":1,"3":1,"4":1,"5":1,"6":1,"7":1,"8":1,"9":1,"10":1,"11":1,"12":1,"13":1,"14":1,"15":1,"16":1,"17":1},"b":{},"f":{"1":1,"2":1,"3":1,"4":1},"fnMap":{"1":{"name":"(anonymous_1)","line":8,"loc":{"start":{"line":8,"column":17},"end":{"line":8,"column":28}}},"2":{"name":"(anonymous_2)","line":16,"loc":{"start":{"line":16,"column":29},"end":{"line":16,"column":40}}},"3":{"name":"(anonymous_3)","line":22,"loc":{"start":{"line":22,"column":25},"end":{"line":22,"column":36}}},"4":{"name":"(anonymous_4)","line":46,"loc":{"start":{"line":46,"column":35},"end":{"line":46,"column":46}}}},"statementMap":{"1":{"start":{"line":1,"column":0},"end":{"line":1,"column":4}},"2":{"start":{"line":2,"column":0},"end":{"line":2,"column":4}},"3":{"start":{"line":3,"column":0},"end":{"line":3,"column":4}},"4":{"start":{"line":4,"column":0},"end":{"line":4,"column":4}},"5":{"start":{"line":5,"column":0},"end":{"line":5,"column":4}},"6":{"start":{"line":6,"column":0},"end":{"line":6,"column":4}},"7":{"start":{"line":8,"column":0},"end":{"line":8,"column":17}},"8":{"start":{"line":11,"column":2},"end":{"line":8,"column":28}},"9":{"start":{"line":12,"column":2},"end":{"line":12,"column":6}},"10":{"start":{"line":8,"column":28},"end":{"line":16,"column":2}},"11":{"start":{"line":17,"column":4},"end":{"line":16,"column":40}},"12":{"start":{"line":18,"column":4},"end":{"line":16,"column":40}},"13":{"start":{"line":8,"column":28},"end":{"line":8,"column":27}},"14":{"start":{"line":23,"column":3},"end":{"line":22,"column":36}},"15":{"start":{"line":26,"column":1},"end":{"line":26,"column":5}},"16":{"start":{"line":8,"column":28},"end":{"line":8,"column":27}},"17":{"start":{"line":47,"column":3},"end":{"line":46,"column":46}}},"branchMap":{}},"/Users/bryomckim/Andela/DMS-Frontend/webpack.config.js":{"path":"/Users/bryomckim/Andela/DMS-Frontend/webpack.config.js","s":{"1":1,"2":1,"3":1,"4":1,"5":1,"6":1},"b":{},"f":{},"fnMap":{},"statementMap":{"1":{"start":{"line":1,"column":0},"end":{"line":1,"column":4}},"2":{"start":{"line":2,"column":0},"end":{"line":2,"column":4}},"3":{"start":{"line":3,"column":0},"end":{"line":3,"column":4}},"4":{"start":{"line":4,"column":0},"end":{"line":4,"column":4}},"5":{"start":{"line":5,"column":0},"end":{"line":5,"column":4}},"6":{"start":{"line":7,"column":0},"end":{"line":null,"column":-1}}},"branchMap":{}},"/Users/bryomckim/Andela/DMS-Frontend/server/routes/index.js":{"path":"/Users/bryomckim/Andela/DMS-Frontend/server/routes/index.js","s":{"1":1,"2":1,"3":1,"4":1,"5":1,"6":1,"7":1,"8":0},"b":{},"f":{"1":1,"2":1,"3":0},"fnMap":{"1":{"name":"(anonymous_1)","line":1,"loc":{"start":{"line":1,"column":1},"end":{"line":1,"column":12}}},"2":{"name":"(anonymous_2)","line":4,"loc":{"start":{"line":4,"column":19},"end":{"line":4,"column":42}}},"3":{"name":"(anonymous_3)","line":12,"loc":{"start":{"line":12,"column":17},"end":{"line":12,"column":36}}}},"statementMap":{"1":{"start":{"line":1,"column":0},"end":{"line":null,"column":-1}},"2":{"start":{"line":4,"column":2},"end":{"line":1,"column":12}},"3":{"start":{"line":6,"column":4},"end":{"line":4,"column":42}},"4":{"start":{"line":7,"column":4},"end":{"line":4,"column":42}},"5":{"start":{"line":8,"column":4},"end":{"line":4,"column":42}},"6":{"start":{"line":9,"column":4},"end":{"line":null,"column":-1}},"7":{"start":{"line":4,"column":42},"end":{"line":4,"column":41}},"8":{"start":{"line":13,"column":6},"end":{"line":12,"column":36}}},"branchMap":{}},"/Users/bryomckim/Andela/DMS-Frontend/server/routes/users.js":{"path":"/Users/bryomckim/Andela/DMS-Frontend/server/routes/users.js","s":{"1":1,"2":1,"3":1,"4":1,"5":1,"6":1,"7":1,"8":1,"9":1,"10":1,"11":1,"12":1,"13":1,"14":1},"b":{},"f":{"1":1,"2":1},"fnMap":{"1":{"name":"(anonymous_1)","line":1,"loc":{"start":{"line":1,"column":1},"end":{"line":1,"column":12}}},"2":{"name":"(anonymous_2)","line":5,"loc":{"start":{"line":5,"column":19},"end":{"line":5,"column":42}}}},"statementMap":{"1":{"start":{"line":1,"column":0},"end":{"line":null,"column":-1}},"2":{"start":{"line":3,"column":2},"end":{"line":1,"column":12}},"3":{"start":{"line":5,"column":2},"end":{"line":1,"column":12}},"4":{"start":{"line":6,"column":4},"end":{"line":5,"column":42}},"5":{"start":{"line":8,"column":4},"end":{"line":null,"column":-1}},"6":{"start":{"line":5,"column":42},"end":{"line":10,"column":4}},"7":{"start":{"line":5,"column":42},"end":{"line":5,"column":41}},"8":{"start":{"line":12,"column":4},"end":{"line":5,"column":42}},"9":{"start":{"line":13,"column":4},"end":{"line":null,"column":-1}},"10":{"start":{"line":5,"column":42},"end":{"line":5,"column":41}},"11":{"start":{"line":15,"column":4},"end":{"line":5,"column":42}},"12":{"start":{"line":16,"column":4},"end":{"line":5,"column":42}},"13":{"start":{"line":17,"column":4},"end":{"line":5,"column":42}},"14":{"start":{"line":19,"column":4},"end":{"line":5,"column":42}}},"branchMap":{}},"/Users/bryomckim/Andela/DMS-Frontend/server/controllers/users.js":{"path":"/Users/bryomckim/Andela/DMS-Frontend/server/controllers/users.js","s":{"1":1,"2":1,"3":1,"4":12,"5":12,"6":1,"7":4,"8":4,"9":0,"10":4,"11":4,"12":4,"13":4,"14":1,"15":3,"16":0,"17":3,"18":3,"19":0,"20":12,"21":12,"22":0,"23":12,"24":0,"25":12,"26":12,"27":12,"28":0,"29":12,"30":12,"31":0,"32":12,"33":12,"34":12,"35":0,"36":1,"37":1,"38":0,"39":1,"40":0,"41":0,"42":0,"43":0,"44":0,"45":0,"46":0,"47":0,"48":34,"49":34,"50":34,"51":34,"52":34,"53":2,"54":32,"55":32,"56":0,"57":0,"58":0,"59":0,"60":0,"61":0,"62":0,"63":0,"64":0,"65":0,"66":1,"67":1,"68":0,"69":1,"70":1,"71":0,"72":1,"73":0,"74":1,"75":1,"76":1,"77":1,"78":1,"79":1,"80":1,"81":0,"82":1,"83":0,"84":0,"85":0,"86":0,"87":0,"88":0,"89":0,"90":0,"91":0,"92":0,"93":0,"94":0,"95":0,"96":0,"97":0,"98":0,"99":0,"100":0,"101":0,"102":0,"103":0,"104":0},"b":{"1":[4,0],"2":[0,4],"3":[4,0],"4":[1,3],"5":[4,1],"6":[0,3],"7":[0,12],"8":[0,12],"9":[12,0],"10":[0,12],"11":[0,12],"12":[12,0],"13":[0,1],"14":[0,0],"15":[0,0],"16":[0,0],"17":[34,0],"18":[2,32],"19":[0,0],"20":[0,0],"21":[0,1],"22":[0,1],"23":[0,1],"24":[1,0],"25":[1,1],"26":[0,1],"27":[0,0],"28":[0,0],"29":[0,0],"30":[0,0],"31":[0,0],"32":[0,0],"33":[0,0],"34":[0,0]},"f":{"1":1,"2":12,"3":4,"4":4,"5":4,"6":12,"7":12,"8":12,"9":1,"10":1,"11":0,"12":0,"13":34,"14":34,"15":0,"16":0,"17":0,"18":1,"19":1,"20":1,"21":1,"22":0,"23":0,"24":0,"25":0,"26":0,"27":0},"fnMap":{"1":{"name":"(anonymous_1)","line":1,"loc":{"start":{"line":1,"column":1},"end":{"line":1,"column":12}}},"2":{"name":"createToken","line":10,"loc":{"start":{"line":10,"column":2},"end":{"line":10,"column":29}}},"3":{"name":"create","line":18,"loc":{"start":{"line":18,"column":12},"end":{"line":18,"column":31}}},"4":{"name":"(anonymous_4)","line":22,"loc":{"start":{"line":22,"column":9},"end":{"line":22,"column":29}}},"5":{"name":"(anonymous_5)","line":42,"loc":{"start":{"line":42,"column":20},"end":{"line":42,"column":40}}},"6":{"name":"login","line":67,"loc":{"start":{"line":67,"column":11},"end":{"line":67,"column":30}}},"7":{"name":"(anonymous_7)","line":70,"loc":{"start":{"line":70,"column":58},"end":{"line":70,"column":78}}},"8":{"name":"(anonymous_8)","line":99,"loc":{"start":{"line":99,"column":18},"end":{"line":99,"column":40}}},"9":{"name":"getAllUsers","line":124,"loc":{"start":{"line":124,"column":17},"end":{"line":124,"column":36}}},"10":{"name":"(anonymous_10)","line":125,"loc":{"start":{"line":125,"column":20},"end":{"line":125,"column":41}}},"11":{"name":"session","line":131,"loc":{"start":{"line":131,"column":13},"end":{"line":131,"column":32}}},"12":{"name":"(anonymous_12)","line":138,"loc":{"start":{"line":138,"column":12},"end":{"line":138,"column":32}}},"13":{"name":"getToken","line":152,"loc":{"start":{"line":152,"column":14},"end":{"line":152,"column":39}}},"14":{"name":"(anonymous_14)","line":160,"loc":{"start":{"line":160,"column":37},"end":{"line":160,"column":60}}},"15":{"name":"find","line":174,"loc":{"start":{"line":174,"column":10},"end":{"line":174,"column":35}}},"16":{"name":"(anonymous_16)","line":175,"loc":{"start":{"line":175,"column":39},"end":{"line":175,"column":59}}},"17":{"name":"findOne","line":193,"loc":{"start":{"line":193,"column":13},"end":{"line":193,"column":32}}},"18":{"name":"update","line":197,"loc":{"start":{"line":197,"column":12},"end":{"line":197,"column":31}}},"19":{"name":"(anonymous_19)","line":199,"loc":{"start":{"line":199,"column":43},"end":{"line":199,"column":63}}},"20":{"name":"(anonymous_20)","line":205,"loc":{"start":{"line":205,"column":43},"end":{"line":205,"column":63}}},"21":{"name":"(anonymous_21)","line":221,"loc":{"start":{"line":221,"column":26},"end":{"line":221,"column":48}}},"22":{"name":"_delete","line":248,"loc":{"start":{"line":248,"column":12},"end":{"line":248,"column":31}}},"23":{"name":"(anonymous_23)","line":250,"loc":{"start":{"line":250,"column":43},"end":{"line":250,"column":63}}},"24":{"name":"(anonymous_24)","line":256,"loc":{"start":{"line":256,"column":43},"end":{"line":256,"column":63}}},"25":{"name":"(anonymous_25)","line":269,"loc":{"start":{"line":269,"column":19},"end":{"line":269,"column":33}}},"26":{"name":"logout","line":297,"loc":{"start":{"line":297,"column":12},"end":{"line":297,"column":31}}},"27":{"name":"(anonymous_27)","line":308,"loc":{"start":{"line":308,"column":9},"end":{"line":308,"column":31}}}},"statementMap":{"1":{"start":{"line":1,"column":0},"end":{"line":null,"column":-1}},"2":{"start":{"line":4,"column":2},"end":{"line":1,"column":12}},"3":{"start":{"line":10,"column":2},"end":{"line":10,"column":1}},"4":{"start":{"line":11,"column":4},"end":{"line":10,"column":29}},"5":{"start":{"line":14,"column":4},"end":{"line":10,"column":29}},"6":{"start":{"line":17,"column":2},"end":{"line":1,"column":12}},"7":{"start":{"line":20,"column":6},"end":{"line":18,"column":31}},"8":{"start":{"line":23,"column":8},"end":{"line":27,"column":15}},"9":{"start":{"line":24,"column":10},"end":{"line":23,"column":17}},"10":{"start":{"line":27,"column":15},"end":{"line":27,"column":14}},"11":{"start":{"line":29,"column":10},"end":{"line":29,"column":14}},"12":{"start":{"line":27,"column":25},"end":{"line":27,"column":24}},"13":{"start":{"line":43,"column":12},"end":{"line":48,"column":19}},"14":{"start":{"line":44,"column":14},"end":{"line":43,"column":65}},"15":{"start":{"line":48,"column":19},"end":{"line":48,"column":18}},"16":{"start":{"line":49,"column":14},"end":{"line":48,"column":28}},"17":{"start":{"line":53,"column":12},"end":{"line":42,"column":40}},"18":{"start":{"line":54,"column":12},"end":{"line":42,"column":40}},"19":{"start":{"line":60,"column":10},"end":{"line":59,"column":15}},"20":{"start":{"line":68,"column":6},"end":{"line":67,"column":30}},"21":{"start":{"line":71,"column":8},"end":{"line":71,"column":7}},"22":{"start":{"line":72,"column":10},"end":{"line":71,"column":17}},"23":{"start":{"line":70,"column":78},"end":{"line":79,"column":15}},"24":{"start":{"line":76,"column":10},"end":{"line":75,"column":19}},"25":{"start":{"line":79,"column":15},"end":{"line":79,"column":14}},"26":{"start":{"line":81,"column":10},"end":{"line":79,"column":25}},"27":{"start":{"line":82,"column":10},"end":{"line":82,"column":9}},"28":{"start":{"line":83,"column":12},"end":{"line":82,"column":31}},"29":{"start":{"line":89,"column":12},"end":{"line":86,"column":17}},"30":{"start":{"line":100,"column":14},"end":{"line":104,"column":21}},"31":{"start":{"line":101,"column":16},"end":{"line":100,"column":23}},"32":{"start":{"line":104,"column":21},"end":{"line":104,"column":20}},"33":{"start":{"line":106,"column":16},"end":{"line":104,"column":33}},"34":{"start":{"line":107,"column":16},"end":{"line":104,"column":33}},"35":{"start":{"line":114,"column":16},"end":{"line":113,"column":21}},"36":{"start":{"line":125,"column":6},"end":{"line":124,"column":36}},"37":{"start":{"line":126,"column":8},"end":{"line":126,"column":7}},"38":{"start":{"line":126,"column":17},"end":{"line":126,"column":8}},"39":{"start":{"line":127,"column":8},"end":{"line":125,"column":41}},"40":{"start":{"line":132,"column":6},"end":{"line":131,"column":32}},"41":{"start":{"line":136,"column":6},"end":{"line":131,"column":32}},"42":{"start":{"line":139,"column":8},"end":{"line":139,"column":7}},"43":{"start":{"line":140,"column":10},"end":{"line":139,"column":17}},"44":{"start":{"line":142,"column":10},"end":{"line":142,"column":9}},"45":{"start":{"line":143,"column":12},"end":{"line":142,"column":37}},"46":{"start":{"line":144,"column":12},"end":{"line":142,"column":37}},"47":{"start":{"line":146,"column":12},"end":{"line":145,"column":17}},"48":{"start":{"line":153,"column":6},"end":{"line":152,"column":39}},"49":{"start":{"line":154,"column":6},"end":{"line":154,"column":10}},"50":{"start":{"line":152,"column":39},"end":{"line":159,"column":6}},"51":{"start":{"line":160,"column":8},"end":{"line":159,"column":17}},"52":{"start":{"line":161,"column":10},"end":{"line":161,"column":9}},"53":{"start":{"line":162,"column":12},"end":{"line":161,"column":19}},"54":{"start":{"line":165,"column":12},"end":{"line":163,"column":17}},"55":{"start":{"line":166,"column":12},"end":{"line":163,"column":17}},"56":{"start":{"line":170,"column":8},"end":{"line":169,"column":13}},"57":{"start":{"line":175,"column":6},"end":{"line":174,"column":35}},"58":{"start":{"line":176,"column":8},"end":{"line":180,"column":15}},"59":{"start":{"line":177,"column":10},"end":{"line":176,"column":17}},"60":{"start":{"line":180,"column":15},"end":{"line":180,"column":14}},"61":{"start":{"line":181,"column":10},"end":{"line":180,"column":26}},"62":{"start":{"line":184,"column":10},"end":{"line":180,"column":26}},"63":{"start":{"line":186,"column":10},"end":{"line":185,"column":15}},"64":{"start":{"line":187,"column":10},"end":{"line":185,"column":15}},"65":{"start":{"line":194,"column":6},"end":{"line":193,"column":32}},"66":{"start":{"line":199,"column":6},"end":{"line":197,"column":31}},"67":{"start":{"line":200,"column":8},"end":{"line":200,"column":7}},"68":{"start":{"line":201,"column":10},"end":{"line":200,"column":17}},"69":{"start":{"line":205,"column":10},"end":{"line":204,"column":15}},"70":{"start":{"line":206,"column":12},"end":{"line":210,"column":19}},"71":{"start":{"line":207,"column":14},"end":{"line":206,"column":21}},"72":{"start":{"line":210,"column":19},"end":{"line":210,"column":18}},"73":{"start":{"line":211,"column":14},"end":{"line":210,"column":30}},"74":{"start":{"line":215,"column":14},"end":{"line":215,"column":13}},"75":{"start":{"line":217,"column":16},"end":{"line":215,"column":101}},"76":{"start":{"line":218,"column":16},"end":{"line":215,"column":101}},"77":{"start":{"line":219,"column":16},"end":{"line":215,"column":101}},"78":{"start":{"line":220,"column":16},"end":{"line":215,"column":101}},"79":{"start":{"line":221,"column":16},"end":{"line":215,"column":101}},"80":{"start":{"line":222,"column":18},"end":{"line":222,"column":17}},"81":{"start":{"line":223,"column":20},"end":{"line":222,"column":27}},"82":{"start":{"line":228,"column":20},"end":{"line":227,"column":25}},"83":{"start":{"line":237,"column":16},"end":{"line":236,"column":21}},"84":{"start":{"line":250,"column":6},"end":{"line":248,"column":31}},"85":{"start":{"line":251,"column":8},"end":{"line":251,"column":7}},"86":{"start":{"line":252,"column":10},"end":{"line":251,"column":17}},"87":{"start":{"line":256,"column":10},"end":{"line":255,"column":15}},"88":{"start":{"line":257,"column":12},"end":{"line":261,"column":19}},"89":{"start":{"line":258,"column":14},"end":{"line":257,"column":21}},"90":{"start":{"line":261,"column":19},"end":{"line":261,"column":18}},"91":{"start":{"line":262,"column":14},"end":{"line":261,"column":30}},"92":{"start":{"line":266,"column":14},"end":{"line":266,"column":13}},"93":{"start":{"line":267,"column":16},"end":{"line":266,"column":78}},"94":{"start":{"line":270,"column":18},"end":{"line":270,"column":17}},"95":{"start":{"line":271,"column":20},"end":{"line":270,"column":27}},"96":{"start":{"line":275,"column":20},"end":{"line":275,"column":19}},"97":{"start":{"line":276,"column":22},"end":{"line":275,"column":58}},"98":{"start":{"line":278,"column":22},"end":{"line":277,"column":27}},"99":{"start":{"line":286,"column":16},"end":{"line":285,"column":21}},"100":{"start":{"line":298,"column":6},"end":{"line":297,"column":31}},"101":{"start":{"line":300,"column":6},"end":{"line":297,"column":31}},"102":{"start":{"line":309,"column":8},"end":{"line":309,"column":7}},"103":{"start":{"line":310,"column":10},"end":{"line":309,"column":17}},"104":{"start":{"line":316,"column":10},"end":{"line":315,"column":15}}},"branchMap":{"1":{"line":21,"type":"binary-expr","locations":[{"start":{"line":21,"column":17},"end":{"line":21,"column":16}},{"start":{"line":21,"column":34},"end":{"line":21,"column":17}}]},"2":{"line":23,"type":"if","locations":[{"start":{"line":23,"column":8},"end":{"line":23,"column":11}},{"start":{"line":23,"column":8},"end":{"line":23,"column":11}}]},"3":{"line":27,"type":"if","locations":[{"start":{"line":27,"column":15},"end":{"line":27,"column":14}},{"start":{"line":27,"column":15},"end":{"line":27,"column":14}}]},"4":{"line":43,"type":"if","locations":[{"start":{"line":43,"column":12},"end":{"line":43,"column":15}},{"start":{"line":43,"column":12},"end":{"line":43,"column":15}}]},"5":{"line":43,"type":"binary-expr","locations":[{"start":{"line":43,"column":16},"end":{"line":43,"column":22}},{"start":{"line":43,"column":23},"end":{"line":43,"column":61}}]},"6":{"line":48,"type":"if","locations":[{"start":{"line":48,"column":19},"end":{"line":48,"column":18}},{"start":{"line":48,"column":19},"end":{"line":48,"column":18}}]},"7":{"line":71,"type":"if","locations":[{"start":{"line":71,"column":8},"end":{"line":71,"column":11}},{"start":{"line":71,"column":8},"end":{"line":71,"column":11}}]},"8":{"line":70,"type":"if","locations":[{"start":{"line":70,"column":78},"end":{"line":75,"column":11}},{"start":{"line":70,"column":78},"end":{"line":75,"column":11}}]},"9":{"line":79,"type":"if","locations":[{"start":{"line":79,"column":15},"end":{"line":79,"column":14}},{"start":{"line":79,"column":15},"end":{"line":79,"column":14}}]},"10":{"line":82,"type":"if","locations":[{"start":{"line":82,"column":10},"end":{"line":82,"column":13}},{"start":{"line":82,"column":10},"end":{"line":82,"column":13}}]},"11":{"line":100,"type":"if","locations":[{"start":{"line":100,"column":14},"end":{"line":100,"column":17}},{"start":{"line":100,"column":14},"end":{"line":100,"column":17}}]},"12":{"line":104,"type":"if","locations":[{"start":{"line":104,"column":21},"end":{"line":104,"column":20}},{"start":{"line":104,"column":21},"end":{"line":104,"column":20}}]},"13":{"line":126,"type":"if","locations":[{"start":{"line":126,"column":8},"end":{"line":126,"column":11}},{"start":{"line":126,"column":8},"end":{"line":126,"column":11}}]},"14":{"line":139,"type":"if","locations":[{"start":{"line":139,"column":8},"end":{"line":139,"column":11}},{"start":{"line":139,"column":8},"end":{"line":139,"column":11}}]},"15":{"line":142,"type":"if","locations":[{"start":{"line":142,"column":10},"end":{"line":142,"column":13}},{"start":{"line":142,"column":10},"end":{"line":142,"column":13}}]},"16":{"line":142,"type":"binary-expr","locations":[{"start":{"line":142,"column":14},"end":{"line":142,"column":21}},{"start":{"line":142,"column":22},"end":{"line":142,"column":21}}]},"17":{"line":152,"type":"if","locations":[{"start":{"line":152,"column":39},"end":{"line":159,"column":9}},{"start":{"line":152,"column":39},"end":{"line":159,"column":9}}]},"18":{"line":161,"type":"if","locations":[{"start":{"line":161,"column":10},"end":{"line":161,"column":13}},{"start":{"line":161,"column":10},"end":{"line":161,"column":13}}]},"19":{"line":176,"type":"if","locations":[{"start":{"line":176,"column":8},"end":{"line":176,"column":11}},{"start":{"line":176,"column":8},"end":{"line":176,"column":11}}]},"20":{"line":180,"type":"if","locations":[{"start":{"line":180,"column":15},"end":{"line":180,"column":14}},{"start":{"line":180,"column":15},"end":{"line":180,"column":14}}]},"21":{"line":200,"type":"if","locations":[{"start":{"line":200,"column":8},"end":{"line":200,"column":11}},{"start":{"line":200,"column":8},"end":{"line":200,"column":11}}]},"22":{"line":206,"type":"if","locations":[{"start":{"line":206,"column":12},"end":{"line":206,"column":15}},{"start":{"line":206,"column":12},"end":{"line":206,"column":15}}]},"23":{"line":210,"type":"if","locations":[{"start":{"line":210,"column":19},"end":{"line":210,"column":18}},{"start":{"line":210,"column":19},"end":{"line":210,"column":18}}]},"24":{"line":215,"type":"if","locations":[{"start":{"line":215,"column":14},"end":{"line":215,"column":17}},{"start":{"line":215,"column":14},"end":{"line":215,"column":17}}]},"25":{"line":215,"type":"binary-expr","locations":[{"start":{"line":215,"column":18},"end":{"line":215,"column":17}},{"start":{"line":215,"column":44},"end":{"line":215,"column":43}}]},"26":{"line":222,"type":"if","locations":[{"start":{"line":222,"column":18},"end":{"line":222,"column":21}},{"start":{"line":222,"column":18},"end":{"line":222,"column":21}}]},"27":{"line":251,"type":"if","locations":[{"start":{"line":251,"column":8},"end":{"line":251,"column":11}},{"start":{"line":251,"column":8},"end":{"line":251,"column":11}}]},"28":{"line":257,"type":"if","locations":[{"start":{"line":257,"column":12},"end":{"line":257,"column":15}},{"start":{"line":257,"column":12},"end":{"line":257,"column":15}}]},"29":{"line":261,"type":"if","locations":[{"start":{"line":261,"column":19},"end":{"line":261,"column":18}},{"start":{"line":261,"column":19},"end":{"line":261,"column":18}}]},"30":{"line":266,"type":"if","locations":[{"start":{"line":266,"column":14},"end":{"line":266,"column":17}},{"start":{"line":266,"column":14},"end":{"line":266,"column":17}}]},"31":{"line":266,"type":"binary-expr","locations":[{"start":{"line":266,"column":18},"end":{"line":266,"column":17}},{"start":{"line":266,"column":44},"end":{"line":266,"column":68}}]},"32":{"line":270,"type":"if","locations":[{"start":{"line":270,"column":18},"end":{"line":270,"column":21}},{"start":{"line":270,"column":18},"end":{"line":270,"column":21}}]},"33":{"line":275,"type":"if","locations":[{"start":{"line":275,"column":20},"end":{"line":275,"column":23}},{"start":{"line":275,"column":20},"end":{"line":275,"column":23}}]},"34":{"line":309,"type":"if","locations":[{"start":{"line":309,"column":8},"end":{"line":309,"column":11}},{"start":{"line":309,"column":8},"end":{"line":309,"column":11}}]}}},"/Users/bryomckim/Andela/DMS-Frontend/server/models/user.js":{"path":"/Users/bryomckim/Andela/DMS-Frontend/server/models/user.js","s":{"1":1,"2":1,"3":1,"4":1,"5":1,"6":1,"7":21,"8":1,"9":21,"10":21,"11":21,"12":0,"13":21,"14":21,"15":1,"16":12,"17":12,"18":1},"b":{"1":[0,21]},"f":{"1":1,"2":21,"3":21,"4":21,"5":12},"fnMap":{"1":{"name":"(anonymous_1)","line":1,"loc":{"start":{"line":1,"column":1},"end":{"line":1,"column":12}}},"2":{"name":"validator","line":30,"loc":{"start":{"line":30,"column":19},"end":{"line":30,"column":31}}},"3":{"name":"(anonymous_3)","line":59,"loc":{"start":{"line":59,"column":25},"end":{"line":59,"column":40}}},"4":{"name":"(anonymous_4)","line":62,"loc":{"start":{"line":62,"column":43},"end":{"line":62,"column":63}}},"5":{"name":"(anonymous_5)","line":71,"loc":{"start":{"line":71,"column":39},"end":{"line":71,"column":58}}}},"statementMap":{"1":{"start":{"line":1,"column":0},"end":{"line":null,"column":-1}},"2":{"start":{"line":3,"column":2},"end":{"line":1,"column":12}},"3":{"start":{"line":4,"column":2},"end":{"line":1,"column":12}},"4":{"start":{"line":5,"column":2},"end":{"line":1,"column":12}},"5":{"start":{"line":6,"column":2},"end":{"line":1,"column":12}},"6":{"start":{"line":8,"column":2},"end":{"line":8,"column":6}},"7":{"start":{"line":31,"column":10},"end":{"line":30,"column":31}},"8":{"start":{"line":1,"column":12},"end":{"line":59,"column":2}},"9":{"start":{"line":60,"column":4},"end":{"line":59,"column":40}},"10":{"start":{"line":62,"column":4},"end":{"line":59,"column":40}},"11":{"start":{"line":63,"column":6},"end":{"line":63,"column":5}},"12":{"start":{"line":63,"column":15},"end":{"line":63,"column":6}},"13":{"start":{"line":65,"column":6},"end":{"line":62,"column":63}},"14":{"start":{"line":66,"column":6},"end":{"line":62,"column":63}},"15":{"start":{"line":1,"column":12},"end":{"line":1,"column":11}},"16":{"start":{"line":72,"column":4},"end":{"line":71,"column":58}},"17":{"start":{"line":73,"column":4},"end":{"line":null,"column":-1}},"18":{"start":{"line":76,"column":2},"end":{"line":1,"column":12}}},"branchMap":{"1":{"line":63,"type":"if","locations":[{"start":{"line":63,"column":6},"end":{"line":63,"column":9}},{"start":{"line":63,"column":6},"end":{"line":63,"column":9}}]}}},"/Users/bryomckim/Andela/DMS-Frontend/server/models/role.js":{"path":"/Users/bryomckim/Andela/DMS-Frontend/server/models/role.js","s":{"1":1,"2":1,"3":1,"4":1,"5":1},"b":{},"f":{"1":1},"fnMap":{"1":{"name":"(anonymous_1)","line":1,"loc":{"start":{"line":1,"column":1},"end":{"line":1,"column":12}}}},"statementMap":{"1":{"start":{"line":1,"column":0},"end":{"line":null,"column":-1}},"2":{"start":{"line":4,"column":2},"end":{"line":1,"column":12}},"3":{"start":{"line":5,"column":2},"end":{"line":1,"column":12}},"4":{"start":{"line":7,"column":2},"end":{"line":1,"column":12}},"5":{"start":{"line":18,"column":2},"end":{"line":1,"column":12}}},"branchMap":{}},"/Users/bryomckim/Andela/DMS-Frontend/server/routes/docs.js":{"path":"/Users/bryomckim/Andela/DMS-Frontend/server/routes/docs.js","s":{"1":1,"2":1,"3":1,"4":1,"5":1,"6":1,"7":1,"8":1,"9":1,"10":1,"11":1,"12":1,"13":1,"14":1,"15":1,"16":1,"17":1,"18":1,"19":1},"b":{},"f":{"1":1,"2":1},"fnMap":{"1":{"name":"(anonymous_1)","line":1,"loc":{"start":{"line":1,"column":1},"end":{"line":1,"column":12}}},"2":{"name":"(anonymous_2)","line":6,"loc":{"start":{"line":6,"column":19},"end":{"line":6,"column":42}}}},"statementMap":{"1":{"start":{"line":1,"column":0},"end":{"line":null,"column":-1}},"2":{"start":{"line":3,"column":2},"end":{"line":1,"column":12}},"3":{"start":{"line":4,"column":2},"end":{"line":1,"column":12}},"4":{"start":{"line":6,"column":2},"end":{"line":1,"column":12}},"5":{"start":{"line":7,"column":4},"end":{"line":7,"column":8}},"6":{"start":{"line":6,"column":42},"end":{"line":6,"column":41}},"7":{"start":{"line":11,"column":4},"end":{"line":6,"column":42}},"8":{"start":{"line":12,"column":4},"end":{"line":6,"column":42}},"9":{"start":{"line":13,"column":4},"end":{"line":6,"column":42}},"10":{"start":{"line":14,"column":4},"end":{"line":6,"column":42}},"11":{"start":{"line":15,"column":4},"end":{"line":6,"column":42}},"12":{"start":{"line":16,"column":4},"end":{"line":6,"column":42}},"13":{"start":{"line":17,"column":4},"end":{"line":6,"column":42}},"14":{"start":{"line":18,"column":4},"end":{"line":6,"column":42}},"15":{"start":{"line":19,"column":4},"end":{"line":6,"column":42}},"16":{"start":{"line":20,"column":4},"end":{"line":6,"column":42}},"17":{"start":{"line":21,"column":4},"end":{"line":6,"column":42}},"18":{"start":{"line":22,"column":4},"end":{"line":6,"column":42}},"19":{"start":{"line":24,"column":4},"end":{"line":6,"column":42}}},"branchMap":{}},"/Users/bryomckim/Andela/DMS-Frontend/server/controllers/docs.js":{"path":"/Users/bryomckim/Andela/DMS-Frontend/server/controllers/docs.js","s":{"1":1,"2":1,"3":1,"4":2,"5":1,"6":1,"7":1,"8":1,"9":0,"10":1,"11":2,"12":2,"13":0,"14":2,"15":0,"16":2,"17":1,"18":1,"19":1,"20":0,"21":1,"22":0,"23":0,"24":0,"25":0,"26":0,"27":1,"28":4,"29":4,"30":0,"31":4,"32":0,"33":4,"34":2,"35":2,"36":0,"37":2,"38":2,"39":1,"40":1,"41":0,"42":1,"43":0,"44":2,"45":2,"46":2,"47":0,"48":2,"49":0,"50":2,"51":2,"52":2,"53":2,"54":0,"55":2,"56":0,"57":2,"58":0,"59":0,"60":0,"61":0,"62":1,"63":1,"64":0,"65":1,"66":1,"67":0,"68":1,"69":0,"70":0,"71":0,"72":0,"73":0,"74":0,"75":0,"76":0,"77":0,"78":0,"79":0,"80":0,"81":0,"82":0,"83":0,"84":0,"85":0,"86":0,"87":0,"88":0,"89":0,"90":0,"91":0,"92":0,"93":0,"94":1,"95":1,"96":0,"97":1,"98":1,"99":0,"100":1,"101":0,"102":0,"103":0,"104":0,"105":0,"106":1,"107":0,"108":0,"109":0,"110":0,"111":0,"112":0,"113":2,"114":2,"115":0,"116":2,"117":2,"118":0,"119":2,"120":2,"121":1,"122":1,"123":1,"124":0},"b":{"1":[1,1],"2":[0,1],"3":[0,2],"4":[0,2],"5":[1,1],"6":[0,1],"7":[0,1],"8":[0,0],"9":[0,4],"10":[0,4],"11":[0,2],"12":[2,0],"13":[1,1],"14":[0,1],"15":[0,2],"16":[0,2],"17":[2,0],"18":[2,0],"19":[0,2],"20":[0,2],"21":[0,1],"22":[0,1],"23":[0,0],"24":[0,0],"25":[0,0],"26":[0,0],"27":[0,0],"28":[0,0],"29":[0,0],"30":[0,0],"31":[0,0],"32":[0,0],"33":[0,1],"34":[0,1],"35":[0,1],"36":[1,1,1],"37":[0,0],"38":[0,0],"39":[0,0],"40":[0,2],"41":[0,2],"42":[2,0],"43":[1,1],"44":[2,1],"45":[0,1]},"f":{"1":1,"2":2,"3":1,"4":1,"5":2,"6":1,"7":0,"8":4,"9":4,"10":2,"11":2,"12":2,"13":2,"14":2,"15":2,"16":0,"17":0,"18":0,"19":0,"20":1,"21":1,"22":1,"23":0,"24":0,"25":0,"26":0,"27":0,"28":0,"29":0,"30":1,"31":1,"32":1,"33":0,"34":0,"35":0,"36":2,"37":2,"38":2,"39":1},"fnMap":{"1":{"name":"(anonymous_1)","line":1,"loc":{"start":{"line":1,"column":1},"end":{"line":1,"column":12}}},"2":{"name":"create","line":10,"loc":{"start":{"line":10,"column":12},"end":{"line":10,"column":31}}},"3":{"name":"docsave","line":11,"loc":{"start":{"line":11,"column":20},"end":{"line":11,"column":41}}},"4":{"name":"(anonymous_4)","line":21,"loc":{"start":{"line":21,"column":22},"end":{"line":21,"column":41}}},"5":{"name":"(anonymous_5)","line":36,"loc":{"start":{"line":36,"column":47},"end":{"line":36,"column":67}}},"6":{"name":"(anonymous_6)","line":55,"loc":{"start":{"line":55,"column":15},"end":{"line":55,"column":37}}},"7":{"name":"(anonymous_7)","line":65,"loc":{"start":{"line":65,"column":30},"end":{"line":65,"column":49}}},"8":{"name":"getAllDocuments","line":86,"loc":{"start":{"line":86,"column":21},"end":{"line":86,"column":40}}},"9":{"name":"(anonymous_9)","line":94,"loc":{"start":{"line":94,"column":14},"end":{"line":94,"column":39}}},"10":{"name":"getAllDocumentsByRole","line":107,"loc":{"start":{"line":107,"column":27},"end":{"line":107,"column":46}}},"11":{"name":"(anonymous_11)","line":109,"loc":{"start":{"line":109,"column":12},"end":{"line":109,"column":32}}},"12":{"name":"findDocs","line":129,"loc":{"start":{"line":129,"column":21},"end":{"line":129,"column":37}}},"13":{"name":"(anonymous_13)","line":141,"loc":{"start":{"line":141,"column":16},"end":{"line":141,"column":41}}},"14":{"name":"getAllDocumentsByDate","line":155,"loc":{"start":{"line":155,"column":27},"end":{"line":155,"column":46}}},"15":{"name":"(anonymous_15)","line":161,"loc":{"start":{"line":161,"column":9},"end":{"line":161,"column":34}}},"16":{"name":"getAllPublicDocs","line":176,"loc":{"start":{"line":176,"column":22},"end":{"line":176,"column":41}}},"17":{"name":"(anonymous_17)","line":182,"loc":{"start":{"line":182,"column":12},"end":{"line":182,"column":32}}},"18":{"name":"getAllPublicDocsByUser","line":187,"loc":{"start":{"line":187,"column":28},"end":{"line":187,"column":47}}},"19":{"name":"(anonymous_19)","line":196,"loc":{"start":{"line":196,"column":12},"end":{"line":196,"column":32}}},"20":{"name":"getDocumenstByCategory","line":201,"loc":{"start":{"line":201,"column":28},"end":{"line":201,"column":47}}},"21":{"name":"(anonymous_21)","line":206,"loc":{"start":{"line":206,"column":12},"end":{"line":206,"column":36}}},"22":{"name":"(anonymous_22)","line":218,"loc":{"start":{"line":218,"column":16},"end":{"line":218,"column":41}}},"23":{"name":"addContributors","line":231,"loc":{"start":{"line":231,"column":21},"end":{"line":231,"column":40}}},"24":{"name":"(anonymous_24)","line":235,"loc":{"start":{"line":235,"column":40},"end":{"line":235,"column":59}}},"25":{"name":"(anonymous_25)","line":246,"loc":{"start":{"line":246,"column":47},"end":{"line":246,"column":67}}},"26":{"name":"(anonymous_26)","line":255,"loc":{"start":{"line":255,"column":52},"end":{"line":255,"column":72}}},"27":{"name":"(anonymous_27)","line":272,"loc":{"start":{"line":272,"column":23},"end":{"line":272,"column":45}}},"28":{"name":"findOne","line":297,"loc":{"start":{"line":297,"column":13},"end":{"line":297,"column":32}}},"29":{"name":"(anonymous_29)","line":301,"loc":{"start":{"line":301,"column":12},"end":{"line":301,"column":36}}},"30":{"name":"update","line":317,"loc":{"start":{"line":317,"column":12},"end":{"line":317,"column":31}}},"31":{"name":"(anonymous_31)","line":319,"loc":{"start":{"line":319,"column":43},"end":{"line":319,"column":63}}},"32":{"name":"(anonymous_32)","line":325,"loc":{"start":{"line":325,"column":44},"end":{"line":325,"column":63}}},"33":{"name":"(anonymous_33)","line":335,"loc":{"start":{"line":335,"column":25},"end":{"line":335,"column":47}}},"34":{"name":"getAllById","line":351,"loc":{"start":{"line":351,"column":16},"end":{"line":351,"column":35}}},"35":{"name":"(anonymous_35)","line":358,"loc":{"start":{"line":358,"column":12},"end":{"line":358,"column":37}}},"36":{"name":"_delete","line":371,"loc":{"start":{"line":371,"column":12},"end":{"line":371,"column":31}}},"37":{"name":"(anonymous_37)","line":373,"loc":{"start":{"line":373,"column":43},"end":{"line":373,"column":63}}},"38":{"name":"(anonymous_38)","line":379,"loc":{"start":{"line":379,"column":44},"end":{"line":379,"column":63}}},"39":{"name":"(anonymous_39)","line":388,"loc":{"start":{"line":388,"column":19},"end":{"line":388,"column":33}}}},"statementMap":{"1":{"start":{"line":1,"column":0},"end":{"line":null,"column":-1}},"2":{"start":{"line":3,"column":2},"end":{"line":1,"column":12}},"3":{"start":{"line":9,"column":2},"end":{"line":1,"column":12}},"4":{"start":{"line":11,"column":6},"end":{"line":11,"column":20}},"5":{"start":{"line":12,"column":8},"end":{"line":11,"column":41}},"6":{"start":{"line":21,"column":8},"end":{"line":11,"column":41}},"7":{"start":{"line":22,"column":10},"end":{"line":21,"column":41}},"8":{"start":{"line":23,"column":10},"end":{"line":23,"column":9}},"9":{"start":{"line":24,"column":12},"end":{"line":23,"column":19}},"10":{"start":{"line":28,"column":12},"end":{"line":27,"column":17}},"11":{"start":{"line":10,"column":31},"end":{"line":10,"column":30}},"12":{"start":{"line":37,"column":8},"end":{"line":41,"column":15}},"13":{"start":{"line":38,"column":10},"end":{"line":37,"column":17}},"14":{"start":{"line":41,"column":15},"end":{"line":41,"column":14}},"15":{"start":{"line":42,"column":10},"end":{"line":41,"column":26}},"16":{"start":{"line":47,"column":10},"end":{"line":47,"column":9}},"17":{"start":{"line":48,"column":12},"end":{"line":47,"column":39}},"18":{"start":{"line":53,"column":12},"end":{"line":51,"column":17}},"19":{"start":{"line":56,"column":14},"end":{"line":60,"column":21}},"20":{"start":{"line":57,"column":16},"end":{"line":56,"column":23}},"21":{"start":{"line":60,"column":21},"end":{"line":60,"column":20}},"22":{"start":{"line":61,"column":16},"end":{"line":60,"column":34}},"23":{"start":{"line":65,"column":16},"end":{"line":60,"column":34}},"24":{"start":{"line":66,"column":18},"end":{"line":66,"column":17}},"25":{"start":{"line":67,"column":20},"end":{"line":66,"column":27}},"26":{"start":{"line":73,"column":20},"end":{"line":71,"column":25}},"27":{"start":{"line":78,"column":16},"end":{"line":76,"column":21}},"28":{"start":{"line":87,"column":6},"end":{"line":86,"column":40}},"29":{"start":{"line":95,"column":10},"end":{"line":97,"column":17}},"30":{"start":{"line":96,"column":12},"end":{"line":95,"column":19}},"31":{"start":{"line":97,"column":17},"end":{"line":97,"column":16}},"32":{"start":{"line":98,"column":12},"end":{"line":97,"column":33}},"33":{"start":{"line":102,"column":12},"end":{"line":101,"column":17}},"34":{"start":{"line":108,"column":6},"end":{"line":107,"column":46}},"35":{"start":{"line":110,"column":8},"end":{"line":114,"column":15}},"36":{"start":{"line":111,"column":10},"end":{"line":110,"column":17}},"37":{"start":{"line":114,"column":15},"end":{"line":114,"column":14}},"38":{"start":{"line":115,"column":10},"end":{"line":117,"column":17}},"39":{"start":{"line":116,"column":12},"end":{"line":115,"column":38}},"40":{"start":{"line":117,"column":17},"end":{"line":117,"column":16}},"41":{"start":{"line":118,"column":12},"end":{"line":117,"column":51}},"42":{"start":{"line":120,"column":12},"end":{"line":119,"column":17}},"43":{"start":{"line":123,"column":10},"end":{"line":122,"column":15}},"44":{"start":{"line":129,"column":6},"end":{"line":107,"column":46}},"45":{"start":{"line":130,"column":8},"end":{"line":129,"column":37}},"46":{"start":{"line":142,"column":12},"end":{"line":148,"column":19}},"47":{"start":{"line":143,"column":14},"end":{"line":142,"column":21}},"48":{"start":{"line":144,"column":19},"end":{"line":148,"column":19}},"49":{"start":{"line":145,"column":14},"end":{"line":144,"column":47}},"50":{"start":{"line":148,"column":19},"end":{"line":148,"column":18}},"51":{"start":{"line":149,"column":14},"end":{"line":148,"column":34}},"52":{"start":{"line":156,"column":6},"end":{"line":155,"column":46}},"53":{"start":{"line":162,"column":8},"end":{"line":166,"column":15}},"54":{"start":{"line":163,"column":10},"end":{"line":162,"column":17}},"55":{"start":{"line":166,"column":15},"end":{"line":166,"column":14}},"56":{"start":{"line":167,"column":10},"end":{"line":166,"column":41}},"57":{"start":{"line":171,"column":10},"end":{"line":170,"column":15}},"58":{"start":{"line":177,"column":6},"end":{"line":176,"column":41}},"59":{"start":{"line":183,"column":8},"end":{"line":182,"column":32}},"60":{"start":{"line":188,"column":6},"end":{"line":187,"column":47}},"61":{"start":{"line":197,"column":8},"end":{"line":196,"column":32}},"62":{"start":{"line":203,"column":6},"end":{"line":201,"column":47}},"63":{"start":{"line":207,"column":8},"end":{"line":207,"column":7}},"64":{"start":{"line":208,"column":10},"end":{"line":207,"column":17}},"65":{"start":{"line":213,"column":10},"end":{"line":211,"column":15}},"66":{"start":{"line":219,"column":12},"end":{"line":219,"column":11}},"67":{"start":{"line":220,"column":14},"end":{"line":219,"column":21}},"68":{"start":{"line":224,"column":14},"end":{"line":223,"column":19}},"69":{"start":{"line":235,"column":6},"end":{"line":231,"column":40}},"70":{"start":{"line":236,"column":8},"end":{"line":240,"column":15}},"71":{"start":{"line":237,"column":10},"end":{"line":236,"column":17}},"72":{"start":{"line":240,"column":15},"end":{"line":240,"column":14}},"73":{"start":{"line":241,"column":10},"end":{"line":240,"column":25}},"74":{"start":{"line":246,"column":10},"end":{"line":244,"column":15}},"75":{"start":{"line":247,"column":12},"end":{"line":247,"column":11}},"76":{"start":{"line":248,"column":14},"end":{"line":247,"column":21}},"77":{"start":{"line":253,"column":14},"end":{"line":253,"column":13}},"78":{"start":{"line":255,"column":16},"end":{"line":253,"column":82}},"79":{"start":{"line":256,"column":18},"end":{"line":260,"column":25}},"80":{"start":{"line":257,"column":20},"end":{"line":256,"column":27}},"81":{"start":{"line":260,"column":25},"end":{"line":260,"column":24}},"82":{"start":{"line":261,"column":20},"end":{"line":260,"column":36}},"83":{"start":{"line":265,"column":20},"end":{"line":264,"column":25}},"84":{"start":{"line":273,"column":22},"end":{"line":273,"column":21}},"85":{"start":{"line":274,"column":24},"end":{"line":273,"column":31}},"86":{"start":{"line":278,"column":24},"end":{"line":277,"column":29}},"87":{"start":{"line":287,"column":16},"end":{"line":286,"column":21}},"88":{"start":{"line":298,"column":6},"end":{"line":297,"column":32}},"89":{"start":{"line":302,"column":8},"end":{"line":304,"column":15}},"90":{"start":{"line":303,"column":10},"end":{"line":302,"column":17}},"91":{"start":{"line":304,"column":15},"end":{"line":304,"column":14}},"92":{"start":{"line":305,"column":10},"end":{"line":304,"column":29}},"93":{"start":{"line":310,"column":10},"end":{"line":309,"column":15}},"94":{"start":{"line":319,"column":6},"end":{"line":317,"column":31}},"95":{"start":{"line":320,"column":8},"end":{"line":320,"column":7}},"96":{"start":{"line":321,"column":10},"end":{"line":320,"column":17}},"97":{"start":{"line":325,"column":10},"end":{"line":324,"column":15}},"98":{"start":{"line":326,"column":12},"end":{"line":326,"column":11}},"99":{"start":{"line":327,"column":14},"end":{"line":326,"column":21}},"100":{"start":{"line":331,"column":14},"end":{"line":331,"column":13}},"101":{"start":{"line":332,"column":16},"end":{"line":331,"column":137}},"102":{"start":{"line":333,"column":16},"end":{"line":331,"column":137}},"103":{"start":{"line":334,"column":16},"end":{"line":331,"column":137}},"104":{"start":{"line":335,"column":16},"end":{"line":331,"column":137}},"105":{"start":{"line":336,"column":18},"end":{"line":335,"column":47}},"106":{"start":{"line":341,"column":16},"end":{"line":340,"column":21}},"107":{"start":{"line":353,"column":6},"end":{"line":351,"column":35}},"108":{"start":{"line":359,"column":8},"end":{"line":361,"column":15}},"109":{"start":{"line":360,"column":10},"end":{"line":359,"column":17}},"110":{"start":{"line":361,"column":15},"end":{"line":361,"column":14}},"111":{"start":{"line":362,"column":10},"end":{"line":361,"column":30}},"112":{"start":{"line":364,"column":10},"end":{"line":363,"column":15}},"113":{"start":{"line":373,"column":6},"end":{"line":371,"column":31}},"114":{"start":{"line":374,"column":8},"end":{"line":374,"column":7}},"115":{"start":{"line":375,"column":10},"end":{"line":374,"column":17}},"116":{"start":{"line":379,"column":10},"end":{"line":378,"column":15}},"117":{"start":{"line":380,"column":12},"end":{"line":384,"column":19}},"118":{"start":{"line":381,"column":14},"end":{"line":380,"column":21}},"119":{"start":{"line":384,"column":19},"end":{"line":384,"column":18}},"120":{"start":{"line":385,"column":14},"end":{"line":385,"column":13}},"121":{"start":{"line":386,"column":16},"end":{"line":385,"column":104}},"122":{"start":{"line":389,"column":18},"end":{"line":388,"column":33}},"123":{"start":{"line":396,"column":16},"end":{"line":395,"column":21}},"124":{"start":{"line":401,"column":14},"end":{"line":400,"column":19}}},"branchMap":{"1":{"line":14,"type":"binary-expr","locations":[{"start":{"line":14,"column":23},"end":{"line":14,"column":22}},{"start":{"line":14,"column":47},"end":{"line":14,"column":23}}]},"2":{"line":23,"type":"if","locations":[{"start":{"line":23,"column":10},"end":{"line":23,"column":13}},{"start":{"line":23,"column":10},"end":{"line":23,"column":13}}]},"3":{"line":37,"type":"if","locations":[{"start":{"line":37,"column":8},"end":{"line":37,"column":11}},{"start":{"line":37,"column":8},"end":{"line":37,"column":11}}]},"4":{"line":41,"type":"if","locations":[{"start":{"line":41,"column":15},"end":{"line":41,"column":14}},{"start":{"line":41,"column":15},"end":{"line":41,"column":14}}]},"5":{"line":47,"type":"if","locations":[{"start":{"line":47,"column":10},"end":{"line":47,"column":13}},{"start":{"line":47,"column":10},"end":{"line":47,"column":13}}]},"6":{"line":56,"type":"if","locations":[{"start":{"line":56,"column":14},"end":{"line":56,"column":17}},{"start":{"line":56,"column":14},"end":{"line":56,"column":17}}]},"7":{"line":60,"type":"if","locations":[{"start":{"line":60,"column":21},"end":{"line":60,"column":20}},{"start":{"line":60,"column":21},"end":{"line":60,"column":20}}]},"8":{"line":66,"type":"if","locations":[{"start":{"line":66,"column":18},"end":{"line":66,"column":21}},{"start":{"line":66,"column":18},"end":{"line":66,"column":21}}]},"9":{"line":95,"type":"if","locations":[{"start":{"line":95,"column":10},"end":{"line":95,"column":13}},{"start":{"line":95,"column":10},"end":{"line":95,"column":13}}]},"10":{"line":97,"type":"if","locations":[{"start":{"line":97,"column":17},"end":{"line":97,"column":16}},{"start":{"line":97,"column":17},"end":{"line":97,"column":16}}]},"11":{"line":110,"type":"if","locations":[{"start":{"line":110,"column":8},"end":{"line":110,"column":11}},{"start":{"line":110,"column":8},"end":{"line":110,"column":11}}]},"12":{"line":114,"type":"if","locations":[{"start":{"line":114,"column":15},"end":{"line":114,"column":14}},{"start":{"line":114,"column":15},"end":{"line":114,"column":14}}]},"13":{"line":115,"type":"if","locations":[{"start":{"line":115,"column":10},"end":{"line":115,"column":13}},{"start":{"line":115,"column":10},"end":{"line":115,"column":13}}]},"14":{"line":117,"type":"if","locations":[{"start":{"line":117,"column":17},"end":{"line":117,"column":16}},{"start":{"line":117,"column":17},"end":{"line":117,"column":16}}]},"15":{"line":142,"type":"if","locations":[{"start":{"line":142,"column":12},"end":{"line":142,"column":15}},{"start":{"line":142,"column":12},"end":{"line":142,"column":15}}]},"16":{"line":144,"type":"if","locations":[{"start":{"line":144,"column":19},"end":{"line":144,"column":18}},{"start":{"line":144,"column":19},"end":{"line":144,"column":18}}]},"17":{"line":148,"type":"if","locations":[{"start":{"line":148,"column":19},"end":{"line":148,"column":18}},{"start":{"line":148,"column":19},"end":{"line":148,"column":18}}]},"18":{"line":159,"type":"binary-expr","locations":[{"start":{"line":159,"column":15},"end":{"line":159,"column":14}},{"start":{"line":159,"column":41},"end":{"line":159,"column":15}}]},"19":{"line":162,"type":"if","locations":[{"start":{"line":162,"column":8},"end":{"line":162,"column":11}},{"start":{"line":162,"column":8},"end":{"line":162,"column":11}}]},"20":{"line":166,"type":"if","locations":[{"start":{"line":166,"column":15},"end":{"line":166,"column":14}},{"start":{"line":166,"column":15},"end":{"line":166,"column":14}}]},"21":{"line":207,"type":"if","locations":[{"start":{"line":207,"column":8},"end":{"line":207,"column":11}},{"start":{"line":207,"column":8},"end":{"line":207,"column":11}}]},"22":{"line":219,"type":"if","locations":[{"start":{"line":219,"column":12},"end":{"line":219,"column":15}},{"start":{"line":219,"column":12},"end":{"line":219,"column":15}}]},"23":{"line":236,"type":"if","locations":[{"start":{"line":236,"column":8},"end":{"line":236,"column":11}},{"start":{"line":236,"column":8},"end":{"line":236,"column":11}}]},"24":{"line":240,"type":"if","locations":[{"start":{"line":240,"column":15},"end":{"line":240,"column":14}},{"start":{"line":240,"column":15},"end":{"line":240,"column":14}}]},"25":{"line":247,"type":"if","locations":[{"start":{"line":247,"column":12},"end":{"line":247,"column":15}},{"start":{"line":247,"column":12},"end":{"line":247,"column":15}}]},"26":{"line":253,"type":"if","locations":[{"start":{"line":253,"column":14},"end":{"line":253,"column":17}},{"start":{"line":253,"column":14},"end":{"line":253,"column":17}}]},"27":{"line":253,"type":"binary-expr","locations":[{"start":{"line":253,"column":18},"end":{"line":253,"column":34}},{"start":{"line":253,"column":58},"end":{"line":253,"column":57}}]},"28":{"line":256,"type":"if","locations":[{"start":{"line":256,"column":18},"end":{"line":256,"column":21}},{"start":{"line":256,"column":18},"end":{"line":256,"column":21}}]},"29":{"line":260,"type":"if","locations":[{"start":{"line":260,"column":25},"end":{"line":260,"column":24}},{"start":{"line":260,"column":25},"end":{"line":260,"column":24}}]},"30":{"line":273,"type":"if","locations":[{"start":{"line":273,"column":22},"end":{"line":273,"column":25}},{"start":{"line":273,"column":22},"end":{"line":273,"column":25}}]},"31":{"line":302,"type":"if","locations":[{"start":{"line":302,"column":8},"end":{"line":302,"column":11}},{"start":{"line":302,"column":8},"end":{"line":302,"column":11}}]},"32":{"line":304,"type":"if","locations":[{"start":{"line":304,"column":15},"end":{"line":304,"column":14}},{"start":{"line":304,"column":15},"end":{"line":304,"column":14}}]},"33":{"line":320,"type":"if","locations":[{"start":{"line":320,"column":8},"end":{"line":320,"column":11}},{"start":{"line":320,"column":8},"end":{"line":320,"column":11}}]},"34":{"line":326,"type":"if","locations":[{"start":{"line":326,"column":12},"end":{"line":326,"column":15}},{"start":{"line":326,"column":12},"end":{"line":326,"column":15}}]},"35":{"line":331,"type":"if","locations":[{"start":{"line":331,"column":14},"end":{"line":331,"column":17}},{"start":{"line":331,"column":14},"end":{"line":331,"column":17}}]},"36":{"line":331,"type":"binary-expr","locations":[{"start":{"line":331,"column":18},"end":{"line":331,"column":17}},{"start":{"line":331,"column":44},"end":{"line":331,"column":69}},{"start":{"line":331,"column":84},"end":{"line":331,"column":83}}]},"37":{"line":336,"type":"cond-expr","locations":[{"start":{"line":336,"column":26},"end":{"line":336,"column":18}},{"start":{"line":338,"column":22},"end":{"line":336,"column":18}}]},"38":{"line":359,"type":"if","locations":[{"start":{"line":359,"column":8},"end":{"line":359,"column":11}},{"start":{"line":359,"column":8},"end":{"line":359,"column":11}}]},"39":{"line":361,"type":"if","locations":[{"start":{"line":361,"column":15},"end":{"line":361,"column":14}},{"start":{"line":361,"column":15},"end":{"line":361,"column":14}}]},"40":{"line":374,"type":"if","locations":[{"start":{"line":374,"column":8},"end":{"line":374,"column":11}},{"start":{"line":374,"column":8},"end":{"line":374,"column":11}}]},"41":{"line":380,"type":"if","locations":[{"start":{"line":380,"column":12},"end":{"line":380,"column":15}},{"start":{"line":380,"column":12},"end":{"line":380,"column":15}}]},"42":{"line":384,"type":"if","locations":[{"start":{"line":384,"column":19},"end":{"line":384,"column":18}},{"start":{"line":384,"column":19},"end":{"line":384,"column":18}}]},"43":{"line":385,"type":"if","locations":[{"start":{"line":385,"column":14},"end":{"line":385,"column":17}},{"start":{"line":385,"column":14},"end":{"line":385,"column":17}}]},"44":{"line":385,"type":"binary-expr","locations":[{"start":{"line":385,"column":18},"end":{"line":385,"column":17}},{"start":{"line":385,"column":44},"end":{"line":385,"column":43}}]},"45":{"line":389,"type":"cond-expr","locations":[{"start":{"line":389,"column":24},"end":{"line":389,"column":18}},{"start":{"line":391,"column":23},"end":{"line":389,"column":18}}]}}},"/Users/bryomckim/Andela/DMS-Frontend/server/models/document.js":{"path":"/Users/bryomckim/Andela/DMS-Frontend/server/models/document.js","s":{"1":1,"2":1,"3":1,"4":1,"5":1,"6":1},"b":{},"f":{"1":1},"fnMap":{"1":{"name":"(anonymous_1)","line":1,"loc":{"start":{"line":1,"column":1},"end":{"line":1,"column":12}}}},"statementMap":{"1":{"start":{"line":1,"column":0},"end":{"line":null,"column":-1}},"2":{"start":{"line":3,"column":2},"end":{"line":1,"column":12}},"3":{"start":{"line":4,"column":2},"end":{"line":1,"column":12}},"4":{"start":{"line":5,"column":2},"end":{"line":1,"column":12}},"5":{"start":{"line":7,"column":2},"end":{"line":1,"column":12}},"6":{"start":{"line":52,"column":2},"end":{"line":1,"column":12}}},"branchMap":{}},"/Users/bryomckim/Andela/DMS-Frontend/server/models/category.js":{"path":"/Users/bryomckim/Andela/DMS-Frontend/server/models/category.js","s":{"1":1,"2":1,"3":1,"4":1,"5":1},"b":{},"f":{"1":1},"fnMap":{"1":{"name":"(anonymous_1)","line":1,"loc":{"start":{"line":1,"column":1},"end":{"line":1,"column":12}}}},"statementMap":{"1":{"start":{"line":1,"column":0},"end":{"line":null,"column":-1}},"2":{"start":{"line":4,"column":2},"end":{"line":1,"column":12}},"3":{"start":{"line":5,"column":2},"end":{"line":1,"column":12}},"4":{"start":{"line":7,"column":2},"end":{"line":1,"column":12}},"5":{"start":{"line":15,"column":2},"end":{"line":1,"column":12}}},"branchMap":{}},"/Users/bryomckim/Andela/DMS-Frontend/server/routes/category.js":{"path":"/Users/bryomckim/Andela/DMS-Frontend/server/routes/category.js","s":{"1":1,"2":1,"3":1,"4":1,"5":1,"6":1,"7":1,"8":1,"9":1,"10":1,"11":1,"12":1},"b":{},"f":{"1":1,"2":1},"fnMap":{"1":{"name":"(anonymous_1)","line":1,"loc":{"start":{"line":1,"column":1},"end":{"line":1,"column":12}}},"2":{"name":"(anonymous_2)","line":8,"loc":{"start":{"line":8,"column":19},"end":{"line":8,"column":42}}}},"statementMap":{"1":{"start":{"line":1,"column":0},"end":{"line":null,"column":-1}},"2":{"start":{"line":4,"column":2},"end":{"line":1,"column":12}},"3":{"start":{"line":5,"column":2},"end":{"line":1,"column":12}},"4":{"start":{"line":6,"column":2},"end":{"line":1,"column":12}},"5":{"start":{"line":8,"column":2},"end":{"line":1,"column":12}},"6":{"start":{"line":9,"column":4},"end":{"line":8,"column":42}},"7":{"start":{"line":11,"column":4},"end":{"line":8,"column":42}},"8":{"start":{"line":12,"column":4},"end":{"line":8,"column":42}},"9":{"start":{"line":13,"column":4},"end":{"line":8,"column":42}},"10":{"start":{"line":14,"column":4},"end":{"line":8,"column":42}},"11":{"start":{"line":15,"column":4},"end":{"line":8,"column":42}},"12":{"start":{"line":16,"column":4},"end":{"line":8,"column":42}}},"branchMap":{}},"/Users/bryomckim/Andela/DMS-Frontend/server/controllers/category.js":{"path":"/Users/bryomckim/Andela/DMS-Frontend/server/controllers/category.js","s":{"1":1,"2":1,"3":1,"4":1,"5":1,"6":1,"7":1,"8":0,"9":0,"10":0,"11":0,"12":0,"13":1,"14":1,"15":0,"16":1,"17":0,"18":1,"19":1,"20":1,"21":1,"22":0,"23":1,"24":5,"25":5,"26":0,"27":5,"28":1,"29":1,"30":0,"31":1},"b":{"1":[1,0],"2":[1,1],"3":[0,0],"4":[0,0],"5":[0,0],"6":[0,1],"7":[0,1],"8":[0,1],"9":[0,5],"10":[0,1]},"f":{"1":1,"2":1,"3":1,"4":1,"5":1,"6":1,"7":5,"8":5,"9":1,"10":1},"fnMap":{"1":{"name":"(anonymous_1)","line":1,"loc":{"start":{"line":1,"column":1},"end":{"line":1,"column":12}}},"2":{"name":"create","line":6,"loc":{"start":{"line":6,"column":12},"end":{"line":6,"column":31}}},"3":{"name":"(anonymous_3)","line":11,"loc":{"start":{"line":11,"column":20},"end":{"line":11,"column":44}}},"4":{"name":"update","line":33,"loc":{"start":{"line":33,"column":12},"end":{"line":33,"column":31}}},"5":{"name":"(anonymous_5)","line":35,"loc":{"start":{"line":35,"column":39},"end":{"line":35,"column":63}}},"6":{"name":"(anonymous_6)","line":47,"loc":{"start":{"line":47,"column":24},"end":{"line":47,"column":48}}},"7":{"name":"getAllCategories","line":63,"loc":{"start":{"line":63,"column":22},"end":{"line":63,"column":41}}},"8":{"name":"(anonymous_8)","line":66,"loc":{"start":{"line":66,"column":14},"end":{"line":66,"column":40}}},"9":{"name":"_delete","line":77,"loc":{"start":{"line":77,"column":12},"end":{"line":77,"column":31}}},"10":{"name":"(anonymous_10)","line":80,"loc":{"start":{"line":80,"column":9},"end":{"line":80,"column":23}}}},"statementMap":{"1":{"start":{"line":1,"column":0},"end":{"line":null,"column":-1}},"2":{"start":{"line":4,"column":2},"end":{"line":1,"column":12}},"3":{"start":{"line":5,"column":2},"end":{"line":1,"column":12}},"4":{"start":{"line":7,"column":6},"end":{"line":6,"column":31}},"5":{"start":{"line":11,"column":6},"end":{"line":6,"column":31}},"6":{"start":{"line":12,"column":8},"end":{"line":20,"column":15}},"7":{"start":{"line":13,"column":10},"end":{"line":12,"column":62}},"8":{"start":{"line":16,"column":15},"end":{"line":20,"column":15}},"9":{"start":{"line":17,"column":10},"end":{"line":16,"column":73}},"10":{"start":{"line":20,"column":15},"end":{"line":20,"column":14}},"11":{"start":{"line":21,"column":10},"end":{"line":20,"column":24}},"12":{"start":{"line":25,"column":10},"end":{"line":24,"column":15}},"13":{"start":{"line":35,"column":6},"end":{"line":33,"column":31}},"14":{"start":{"line":36,"column":8},"end":{"line":40,"column":15}},"15":{"start":{"line":37,"column":10},"end":{"line":36,"column":17}},"16":{"start":{"line":40,"column":15},"end":{"line":40,"column":14}},"17":{"start":{"line":41,"column":10},"end":{"line":40,"column":30}},"18":{"start":{"line":45,"column":10},"end":{"line":44,"column":15}},"19":{"start":{"line":46,"column":10},"end":{"line":44,"column":15}},"20":{"start":{"line":47,"column":10},"end":{"line":44,"column":15}},"21":{"start":{"line":48,"column":12},"end":{"line":48,"column":11}},"22":{"start":{"line":49,"column":14},"end":{"line":48,"column":21}},"23":{"start":{"line":53,"column":14},"end":{"line":52,"column":19}},"24":{"start":{"line":64,"column":6},"end":{"line":63,"column":41}},"25":{"start":{"line":67,"column":10},"end":{"line":67,"column":9}},"26":{"start":{"line":68,"column":12},"end":{"line":67,"column":19}},"27":{"start":{"line":72,"column":12},"end":{"line":71,"column":17}},"28":{"start":{"line":78,"column":6},"end":{"line":77,"column":31}},"29":{"start":{"line":81,"column":8},"end":{"line":81,"column":7}},"30":{"start":{"line":82,"column":10},"end":{"line":81,"column":17}},"31":{"start":{"line":86,"column":10},"end":{"line":85,"column":15}}},"branchMap":{"1":{"line":12,"type":"if","locations":[{"start":{"line":12,"column":8},"end":{"line":12,"column":11}},{"start":{"line":12,"column":8},"end":{"line":12,"column":11}}]},"2":{"line":12,"type":"binary-expr","locations":[{"start":{"line":12,"column":12},"end":{"line":12,"column":18}},{"start":{"line":12,"column":19},"end":{"line":12,"column":58}}]},"3":{"line":16,"type":"if","locations":[{"start":{"line":16,"column":15},"end":{"line":16,"column":14}},{"start":{"line":16,"column":15},"end":{"line":16,"column":14}}]},"4":{"line":16,"type":"binary-expr","locations":[{"start":{"line":16,"column":19},"end":{"line":16,"column":25}},{"start":{"line":16,"column":26},"end":{"line":16,"column":69}}]},"5":{"line":20,"type":"if","locations":[{"start":{"line":20,"column":15},"end":{"line":20,"column":14}},{"start":{"line":20,"column":15},"end":{"line":20,"column":14}}]},"6":{"line":36,"type":"if","locations":[{"start":{"line":36,"column":8},"end":{"line":36,"column":11}},{"start":{"line":36,"column":8},"end":{"line":36,"column":11}}]},"7":{"line":40,"type":"if","locations":[{"start":{"line":40,"column":15},"end":{"line":40,"column":14}},{"start":{"line":40,"column":15},"end":{"line":40,"column":14}}]},"8":{"line":48,"type":"if","locations":[{"start":{"line":48,"column":12},"end":{"line":48,"column":15}},{"start":{"line":48,"column":12},"end":{"line":48,"column":15}}]},"9":{"line":67,"type":"if","locations":[{"start":{"line":67,"column":10},"end":{"line":67,"column":13}},{"start":{"line":67,"column":10},"end":{"line":67,"column":13}}]},"10":{"line":81,"type":"if","locations":[{"start":{"line":81,"column":8},"end":{"line":81,"column":11}},{"start":{"line":81,"column":8},"end":{"line":81,"column":11}}]}}},"/Users/bryomckim/Andela/DMS-Frontend/server/controllers/roles.js":{"path":"/Users/bryomckim/Andela/DMS-Frontend/server/controllers/roles.js","s":{"1":1,"2":1,"3":1,"4":2,"5":2,"6":2,"7":2,"8":0,"9":0,"10":0,"11":0,"12":0,"13":0,"14":0,"15":0,"16":0,"17":10,"18":10,"19":0,"20":10,"21":7,"22":3,"23":1,"24":1,"25":0,"26":1,"27":0,"28":1,"29":1,"30":1,"31":1,"32":0,"33":1,"34":1,"35":2,"36":2,"37":0,"38":2,"39":0,"40":2,"41":0,"42":0,"43":0,"44":0},"b":{"1":[2,0],"2":[0,0],"3":[0,0],"4":[0,0],"5":[0,10],"6":[7,3],"7":[0,1],"8":[0,1],"9":[0,1],"10":[1,0],"11":[0,2],"12":[0,2],"13":[0,0]},"f":{"1":1,"2":2,"3":2,"4":0,"5":0,"6":10,"7":10,"8":1,"9":1,"10":1,"11":2,"12":2,"13":0,"14":0},"fnMap":{"1":{"name":"(anonymous_1)","line":1,"loc":{"start":{"line":1,"column":1},"end":{"line":1,"column":12}}},"2":{"name":"create","line":6,"loc":{"start":{"line":6,"column":12},"end":{"line":6,"column":31}}},"3":{"name":"(anonymous_3)","line":11,"loc":{"start":{"line":11,"column":16},"end":{"line":11,"column":36}}},"4":{"name":"getRole","line":26,"loc":{"start":{"line":26,"column":13},"end":{"line":26,"column":27}}},"5":{"name":"(anonymous_5)","line":28,"loc":{"start":{"line":28,"column":44},"end":{"line":28,"column":64}}},"6":{"name":"checkUserRole","line":39,"loc":{"start":{"line":39,"column":19},"end":{"line":39,"column":44}}},"7":{"name":"(anonymous_7)","line":40,"loc":{"start":{"line":40,"column":44},"end":{"line":40,"column":64}}},"8":{"name":"update","line":57,"loc":{"start":{"line":57,"column":12},"end":{"line":57,"column":31}}},"9":{"name":"(anonymous_9)","line":58,"loc":{"start":{"line":58,"column":36},"end":{"line":58,"column":56}}},"10":{"name":"(anonymous_10)","line":70,"loc":{"start":{"line":70,"column":20},"end":{"line":70,"column":38}}},"11":{"name":"getAllRoles","line":85,"loc":{"start":{"line":85,"column":17},"end":{"line":85,"column":36}}},"12":{"name":"(anonymous_12)","line":86,"loc":{"start":{"line":86,"column":21},"end":{"line":86,"column":42}}},"13":{"name":"_delete","line":99,"loc":{"start":{"line":99,"column":12},"end":{"line":99,"column":31}}},"14":{"name":"(anonymous_14)","line":102,"loc":{"start":{"line":102,"column":9},"end":{"line":102,"column":23}}}},"statementMap":{"1":{"start":{"line":1,"column":0},"end":{"line":null,"column":-1}},"2":{"start":{"line":3,"column":2},"end":{"line":1,"column":12}},"3":{"start":{"line":5,"column":2},"end":{"line":1,"column":12}},"4":{"start":{"line":7,"column":6},"end":{"line":6,"column":31}},"5":{"start":{"line":11,"column":6},"end":{"line":6,"column":31}},"6":{"start":{"line":12,"column":8},"end":{"line":16,"column":15}},"7":{"start":{"line":13,"column":10},"end":{"line":12,"column":54}},"8":{"start":{"line":16,"column":15},"end":{"line":16,"column":14}},"9":{"start":{"line":17,"column":10},"end":{"line":16,"column":24}},"10":{"start":{"line":21,"column":10},"end":{"line":20,"column":15}},"11":{"start":{"line":28,"column":6},"end":{"line":26,"column":27}},"12":{"start":{"line":29,"column":8},"end":{"line":31,"column":15}},"13":{"start":{"line":30,"column":10},"end":{"line":29,"column":17}},"14":{"start":{"line":31,"column":15},"end":{"line":31,"column":14}},"15":{"start":{"line":32,"column":10},"end":{"line":31,"column":25}},"16":{"start":{"line":34,"column":10},"end":{"line":33,"column":15}},"17":{"start":{"line":40,"column":6},"end":{"line":39,"column":44}},"18":{"start":{"line":41,"column":8},"end":{"line":41,"column":7}},"19":{"start":{"line":42,"column":10},"end":{"line":41,"column":17}},"20":{"start":{"line":46,"column":10},"end":{"line":46,"column":9}},"21":{"start":{"line":47,"column":12},"end":{"line":46,"column":38}},"22":{"start":{"line":49,"column":12},"end":{"line":48,"column":17}},"23":{"start":{"line":58,"column":6},"end":{"line":57,"column":31}},"24":{"start":{"line":59,"column":8},"end":{"line":63,"column":15}},"25":{"start":{"line":60,"column":10},"end":{"line":59,"column":17}},"26":{"start":{"line":63,"column":15},"end":{"line":63,"column":14}},"27":{"start":{"line":64,"column":10},"end":{"line":63,"column":26}},"28":{"start":{"line":68,"column":10},"end":{"line":67,"column":15}},"29":{"start":{"line":69,"column":10},"end":{"line":67,"column":15}},"30":{"start":{"line":70,"column":10},"end":{"line":67,"column":15}},"31":{"start":{"line":71,"column":12},"end":{"line":75,"column":19}},"32":{"start":{"line":72,"column":14},"end":{"line":71,"column":21}},"33":{"start":{"line":75,"column":19},"end":{"line":75,"column":18}},"34":{"start":{"line":76,"column":14},"end":{"line":75,"column":27}},"35":{"start":{"line":86,"column":6},"end":{"line":85,"column":36}},"36":{"start":{"line":87,"column":8},"end":{"line":89,"column":15}},"37":{"start":{"line":88,"column":10},"end":{"line":87,"column":17}},"38":{"start":{"line":89,"column":15},"end":{"line":89,"column":14}},"39":{"start":{"line":90,"column":10},"end":{"line":89,"column":27}},"40":{"start":{"line":94,"column":10},"end":{"line":93,"column":15}},"41":{"start":{"line":100,"column":6},"end":{"line":99,"column":31}},"42":{"start":{"line":103,"column":8},"end":{"line":103,"column":7}},"43":{"start":{"line":104,"column":10},"end":{"line":103,"column":17}},"44":{"start":{"line":108,"column":10},"end":{"line":107,"column":15}}},"branchMap":{"1":{"line":12,"type":"if","locations":[{"start":{"line":12,"column":8},"end":{"line":12,"column":11}},{"start":{"line":12,"column":8},"end":{"line":12,"column":11}}]},"2":{"line":16,"type":"if","locations":[{"start":{"line":16,"column":15},"end":{"line":16,"column":14}},{"start":{"line":16,"column":15},"end":{"line":16,"column":14}}]},"3":{"line":29,"type":"if","locations":[{"start":{"line":29,"column":8},"end":{"line":29,"column":11}},{"start":{"line":29,"column":8},"end":{"line":29,"column":11}}]},"4":{"line":31,"type":"if","locations":[{"start":{"line":31,"column":15},"end":{"line":31,"column":14}},{"start":{"line":31,"column":15},"end":{"line":31,"column":14}}]},"5":{"line":41,"type":"if","locations":[{"start":{"line":41,"column":8},"end":{"line":41,"column":11}},{"start":{"line":41,"column":8},"end":{"line":41,"column":11}}]},"6":{"line":46,"type":"if","locations":[{"start":{"line":46,"column":10},"end":{"line":46,"column":13}},{"start":{"line":46,"column":10},"end":{"line":46,"column":13}}]},"7":{"line":59,"type":"if","locations":[{"start":{"line":59,"column":8},"end":{"line":59,"column":11}},{"start":{"line":59,"column":8},"end":{"line":59,"column":11}}]},"8":{"line":63,"type":"if","locations":[{"start":{"line":63,"column":15},"end":{"line":63,"column":14}},{"start":{"line":63,"column":15},"end":{"line":63,"column":14}}]},"9":{"line":71,"type":"if","locations":[{"start":{"line":71,"column":12},"end":{"line":71,"column":15}},{"start":{"line":71,"column":12},"end":{"line":71,"column":15}}]},"10":{"line":75,"type":"if","locations":[{"start":{"line":75,"column":19},"end":{"line":75,"column":18}},{"start":{"line":75,"column":19},"end":{"line":75,"column":18}}]},"11":{"line":87,"type":"if","locations":[{"start":{"line":87,"column":8},"end":{"line":87,"column":11}},{"start":{"line":87,"column":8},"end":{"line":87,"column":11}}]},"12":{"line":89,"type":"if","locations":[{"start":{"line":89,"column":15},"end":{"line":89,"column":14}},{"start":{"line":89,"column":15},"end":{"line":89,"column":14}}]},"13":{"line":103,"type":"if","locations":[{"start":{"line":103,"column":8},"end":{"line":103,"column":11}},{"start":{"line":103,"column":8},"end":{"line":103,"column":11}}]}}},"/Users/bryomckim/Andela/DMS-Frontend/server/routes/roles.js":{"path":"/Users/bryomckim/Andela/DMS-Frontend/server/routes/roles.js","s":{"1":1,"2":1,"3":1,"4":1,"5":1,"6":1,"7":1,"8":1,"9":1,"10":1},"b":{},"f":{"1":1,"2":1},"fnMap":{"1":{"name":"(anonymous_1)","line":1,"loc":{"start":{"line":1,"column":1},"end":{"line":1,"column":12}}},"2":{"name":"(anonymous_2)","line":7,"loc":{"start":{"line":7,"column":19},"end":{"line":7,"column":42}}}},"statementMap":{"1":{"start":{"line":1,"column":0},"end":{"line":null,"column":-1}},"2":{"start":{"line":4,"column":2},"end":{"line":1,"column":12}},"3":{"start":{"line":5,"column":2},"end":{"line":1,"column":12}},"4":{"start":{"line":7,"column":2},"end":{"line":1,"column":12}},"5":{"start":{"line":8,"column":4},"end":{"line":7,"column":42}},"6":{"start":{"line":10,"column":4},"end":{"line":7,"column":42}},"7":{"start":{"line":11,"column":4},"end":{"line":7,"column":42}},"8":{"start":{"line":12,"column":4},"end":{"line":7,"column":42}},"9":{"start":{"line":13,"column":4},"end":{"line":7,"column":42}},"10":{"start":{"line":15,"column":4},"end":{"line":7,"column":42}}},"branchMap":{}},"/Users/bryomckim/Andela/DMS-Frontend/spec/seed-helper.js":{"path":"/Users/bryomckim/Andela/DMS-Frontend/spec/seed-helper.js","s":{"1":1,"2":1,"3":1,"4":1,"5":1,"6":1,"7":1,"8":1,"9":1,"10":4,"11":4,"12":4,"13":4,"14":4,"15":4,"16":4,"17":4,"18":4,"19":4,"20":4,"21":4,"22":0,"23":4,"24":12,"25":4,"26":4,"27":4,"28":4,"29":0,"30":4,"31":4,"32":4,"33":4,"34":0,"35":4,"36":4,"37":4,"38":4,"39":0,"40":4,"41":4,"42":4,"43":4,"44":8,"45":8},"b":{"1":[0,4],"2":[0
[...]
},"end":{"line":8,"column":39}},"9":{"start":{"line":13,"column":6},"end":{"line":12,"column":29}},"10":{"start":{"line":14,"column":8},"end":{"line":13,"column":33}},"11":{"start":{"line":15,"column":8},"end":{"line":13,"column":33}},"12":{"start":{"line":16,"column":8},"end":{"line":13,"column":33}},"13":{"start":{"line":20,"column":4},"end":{"line":8,"column":39}},"14":{"start":{"line":22,"column":6},"end":{"line":20,"column":37}},"15":{"start":{"line":23,"column":8},"end":{"line":22,"column":45}},"16":{"start":{"line":24,"column":8},"end":{"line":22,"column":45}},"17":{"start":{"line":27,"column":6},"end":{"line":20,"column":37}},"18":{"start":{"line":28,"column":8},"end":{"line":27,"column":59}},"19":{"start":{"line":29,"column":10},"end":{"line":28,"column":56}},"20":{"start":{"line":41,"column":14},"end":{"line":40,"column":35}},"21":{"start":{"line":42,"column":14},"end":{"line":40,"column":35}},"22":{"start":{"line":43,"column":14},"end":{"line":40,"column":35}},"23":{"start":{"line":44,"column":14},"end":{"line":40,"column":35}},"24":{"start":{"line":45,"column":14},"end":{"line":40,"column":35}},"25":{"start":{"line":50,"column":6},"end":{"line":20,"column":37}},"26":{"start":{"line":51,"column":8},"end":{"line":50,"column":64}},"27":{"start":{"line":63,"column":12},"end":{"line":62,"column":34}},"28":{"start":{"line":64,"column":12},"end":{"line":62,"column":34}},"29":{"start":{"line":65,"column":12},"end":{"line":62,"column":34}},"30":{"start":{"line":66,"column":12},"end":{"line":62,"column":34}},"31":{"start":{"line":67,"column":12},"end":{"line":62,"column":34}},"32":{"start":{"line":68,"column":12},"end":{"line":62,"column":34}},"33":{"start":{"line":69,"column":12},"end":{"line":62,"column":34}},"34":{"start":{"line":73,"column":6},"end":{"line":20,"column":37}},"35":{"start":{"line":74,"column":8},"end":{"line":73,"column":79}},"36":{"start":{"line":79,"column":12},"end":{"line":78,"column":34}},"37":{"start":{"line":80,"column":12},"end":{"line":78,"column":34}},"38":{"start":{"line":81,"column":12},"end":{"line":78,"column":34}},"39":{"start":{"line":82,"column":12},"end":{"line":78,"column":34}},"40":{"start":{"line":83,"column":12},"end":{"line":78,"column":34}},"41":{"start":{"line":84,"column":12},"end":{"line":78,"column":34}},"42":{"start":{"line":85,"column":12},"end":{"line":78,"column":34}},"43":{"start":{"line":89,"column":6},"end":{"line":20,"column":37}},"44":{"start":{"line":90,"column":8},"end":{"line":89,"column":67}},"45":{"start":{"line":95,"column":12},"end":{"line":94,"column":34}},"46":{"start":{"line":96,"column":12},"end":{"line":94,"column":34}},"47":{"start":{"line":97,"column":12},"end":{"line":94,"column":34}},"48":{"start":{"line":98,"column":12},"end":{"line":94,"column":34}},"49":{"start":{"line":103,"column":4},"end":{"line":8,"column":39}},"50":{"start":{"line":104,"column":6},"end":{"line":103,"column":38}},"51":{"start":{"line":105,"column":8},"end":{"line":104,"column":66}},"52":{"start":{"line":110,"column":12},"end":{"line":109,"column":34}},"53":{"start":{"line":111,"column":12},"end":{"line":109,"column":34}},"54":{"start":{"line":112,"column":12},"end":{"line":109,"column":34}},"55":{"start":{"line":113,"column":12},"end":{"line":109,"column":34}},"56":{"start":{"line":114,"column":12},"end":{"line":109,"column":34}},"57":{"start":{"line":115,"column":12},"end":{"line":109,"column":34}},"58":{"start":{"line":119,"column":6},"end":{"line":103,"column":38}},"59":{"start":{"line":120,"column":8},"end":{"line":119,"column":84}},"60":{"start":{"line":125,"column":12},"end":{"line":124,"column":34}},"61":{"start":{"line":126,"column":12},"end":{"line":124,"column":34}},"62":{"start":{"line":127,"column":12},"end":{"line":124,"column":34}},"63":{"start":{"line":128,"column":12},"end":{"line":124,"column":34}},"64":{"start":{"line":129,"column":12},"end":{"line":124,"column":34}},"65":{"start":{"line":133,"column":6},"end":{"line":103,"column":38}},"66":{"start":{"line":134,"column":8},"end":{"line":133,"column":52}},"67":{"start":{"line":135,"column":10},"end":{"line":134,"column":56}},"68":{"start":{"line":136,"column":10},"end":{"line":134,"column":56}},"69":{"start":{"line":141,"column":14},"end":{"line":140,"column":36}},"70":{"start":{"line":142,"column":14},"end":{"line":140,"column":36}},"71":{"start":{"line":143,"column":14},"end":{"line":140,"column":36}},"72":{"start":{"line":144,"column":14},"end":{"line":140,"column":36}},"73":{"start":{"line":145,"column":14},"end":{"line":140,"column":36}},"74":{"start":{"line":146,"column":14},"end":{"line":140,"column":36}},"75":{"start":{"line":151,"column":6},"end":{"line":103,"column":38}},"76":{"start":{"line":152,"column":8},"end":{"line":151,"column":57}},"77":{"start":{"line":157,"column":12},"end":{"line":156,"column":34}},"78":{"start":{"line":158,"column":12},"end":{"line":156,"column":34}},"79":{"start":{"line":159,"column":12},"end":{"line":156,"column":34}},"80":{"start":{"line":160,"column":12},"end":{"line":156,"column":34}},"81":{"start":{"line":161,"column":12},"end":{"line":156,"column":34}},"82":{"start":{"line":162,"column":12},"end":{"line":156,"column":34}},"83":{"start":{"line":166,"column":6},"end":{"line":103,"column":38}},"84":{"start":{"line":167,"column":8},"end":{"line":166,"column":79}},"85":{"start":{"line":168,"column":10},"end":{"line":167,"column":57}},"86":{"start":{"line":173,"column":14},"end":{"line":172,"column":36}},"87":{"start":{"line":182,"column":18},"end":{"line":181,"column":39}},"88":{"start":{"line":183,"column":18},"end":{"line":181,"column":39}},"89":{"start":{"line":184,"column":18},"end":{"line":181,"column":39}},"90":{"start":{"line":185,"column":18},"end":{"line":181,"column":39}},"91":{"start":{"line":186,"column":18},"end":{"line":181,"column":39}},"92":{"start":{"line":192,"column":6},"end":{"line":103,"column":38}},"93":{"start":{"line":193,"column":8},"end":{"line":192,"column":55}},"94":{"start":{"line":198,"column":12},"end":{"line":197,"column":34}},"95":{"start":{"line":203,"column":16},"end":{"line":202,"column":38}},"96":{"start":{"line":204,"column":16},"end":{"line":202,"column":38}},"97":{"start":{"line":205,"column":16},"end":{"line":202,"column":38}},"98":{"start":{"line":206,"column":16},"end":{"line":202,"column":38}},"99":{"start":{"line":207,"column":16},"end":{"line":202,"column":38}},"100":{"start":{"line":212,"column":6},"end":{"line":103,"column":38}},"101":{"start":{"line":213,"column":8},"end":{"line":212,"column":73}},"102":{"start":{"line":214,"column":10},"end":{"line":213,"column":57}},"103":{"start":{"line":219,"column":14},"end":{"line":218,"column":36}},"104":{"start":{"line":224,"column":18},"end":{"line":223,"column":39}},"105":{"start":{"line":225,"column":18},"end":{"line":223,"column":39}},"106":{"start":{"line":226,"column":18},"end":{"line":223,"column":39}},"107":{"start":{"line":227,"column":18},"end":{"line":223,"column":39}},"108":{"start":{"line":228,"column":18},"end":{"line":223,"column":39}}},"branchMap":{}},"/Users/bryomckim/Andela/DMS-Frontend/spec/role.spec.js":{"path":"/Users/bryomckim/Andela/DMS-Frontend/spec/role.spec.js","s":{"1":1,"2":1,"3":1,"4":1,"5":1,"6":1,"7":1,"8":1,"9":1,"10":1,"11":1,"12":1,"13":1,"14":1,"15":1,"16":1,"17":1,"18":1,"19":1,"20":1,"21":1,"22":1,"23":1,"24":1,"25":1,"26":1,"27":1,"28":1,"29":1,"30":1,"31":1,"32":1,"33":1,"34":1,"35":1,"36":1,"37":1,"38":1,"39":1,"40":1,"41":1,"42":1,"43":1,"44":1,"45":1,"46":1,"47":1,"48":1,"49":1,"50":1,"51":1,"52":1,"53":1,"54":1,"55":1},"b":{},"f":{"1":1,"2":1,"3":1,"4":1,"5":1,"6":1,"7":1,"8":1,"9":1,"10":1,"11":1,"12":1,"13":1,"14":1,"15":1,"16":1,"17":1,"18":1},"fnMap":{"1":{"name":"(anonymous_1)","line":1,"loc":{"start":{"line":1,"column":1},"end":{"line":1,"column":12}}},"2":{"name":"(anonymous_2)","line":8,"loc":{"start":{"line":8,"column":20},"end":{"line":8,"column":31}}},"3":{"name":"(anonymous_3)","line":12,"loc":{"start":{"line":12,"column":14},"end":{"line":12,"column":29}}},"4":{"name":"(anonymous_4)","line":13,"loc":{"start":{"line":13,"column":18},"end":{"line":13,"column":33}}},"5":{"name":"(anonymous_5)","line":19,"loc":{"start":{"line":19,"column":38},"end":{"line":19,"column":53}}},"6":{"name":"(anonymous_6)","line":27,"loc":{"start":{"line":27,"column":13},"end":{"line":27,"column":32}}},"7":{"name":"(anonymous_7)","line":36,"loc":{"start":{"line":36,"column":42},"end":{"line":36,"column":57}}},"8":{"name":"(anonymous_8)","line":44,"loc":{"start":{"line":44,"column":13},"end":{"line":44,"column":32}}},"9":{"name":"(anonymous_9)","line":53,"loc":{"start":{"line":53,"column":56},"end":{"line":53,"column":71}}},"10":{"name":"(anonymous_10)","line":58,"loc":{"start":{"line":58,"column":13},"end":{"line":58,"column":32}}},"11":{"name":"(anonymous_11)","line":68,"loc":{"start":{"line":68,"column":64},"end":{"line":68,"column":79}}},"12":{"name":"(anonymous_12)","line":76,"loc":{"start":{"line":76,"column":13},"end":{"line":76,"column":32}}},"13":{"name":"(anonymous_13)","line":85,"loc":{"start":{"line":85,"column":47},"end":{"line":85,"column":62}}},"14":{"name":"(anonymous_14)","line":94,"loc":{"start":{"line":94,"column":13},"end":{"line":94,"column":32}}},"15":{"name":"(anonymous_15)","line":102,"loc":{"start":{"line":102,"column":17},"end":{"line":102,"column":36}}},"16":{"name":"(anonymous_16)","line":112,"loc":{"start":{"line":112,"column":49},"end":{"line":112,"column":64}}},"17":{"name":"(anonymous_17)","line":114,"loc":{"start":{"line":114,"column":40},"end":{"line":114,"column":55}}},"18":{"name":"(anonymous_18)","line":122,"loc":{"start":{"line":122,"column":15},"end":{"line":122,"column":34}}}},"statementMap":{"1":{"start":{"line":1,"column":0},"end":{"line":null,"column":-1}},"2":{"start":{"line":4,"column":2},"end":{"line":1,"column":12}},"3":{"start":{"line":5,"column":2},"end":{"line":1,"column":12}},"4":{"start":{"line":6,"column":2},"end":{"line":1,"column":12}},"5":{"start":{"line":8,"column":2},"end":{"line":1,"column":12}},"6":{"start":{"line":10,"column":4},"end":{"line":8,"column":31}},"7":{"start":{"line":12,"column":4},"end":{"line":8,"column":31}},"8":{"start":{"line":13,"column":6},"end":{"line":12,"column":29}},"9":{"start":{"line":14,"column":8},"end":{"line":13,"column":33}},"10":{"start":{"line":15,"column":8},"end":{"line":13,"column":33}},"11":{"start":{"line":19,"column":4},"end":{"line":8,"column":31}},"12":{"start":{"line":20,"column":6},"end":{"line":19,"column":53}},"13":{"start":{"line":28,"column":10},"end":{"line":27,"column":32}},"14":{"start":{"line":29,"column":10},"end":{"line":27,"column":32}},"15":{"start":{"line":30,"column":10},"end":{"line":27,"column":32}},"16":{"start":{"line":31,"column":10},"end":{"line":27,"column":32}},"17":{"start":{"line":32,"column":10},"end":{"line":27,"column":32}},"18":{"start":{"line":36,"column":4},"end":{"line":8,"column":31}},"19":{"start":{"line":37,"column":6},"end":{"line":36,"column":57}},"20":{"start":{"line":45,"column":10},"end":{"line":44,"column":32}},"21":{"start":{"line":46,"column":10},"end":{"line":44,"column":32}},"22":{"start":{"line":47,"column":10},"end":{"line":44,"column":32}},"23":{"start":{"line":48,"column":10},"end":{"line":44,"column":32}},"24":{"start":{"line":49,"column":10},"end":{"line":44,"column":32}},"25":{"start":{"line":53,"column":4},"end":{"line":8,"column":31}},"26":{"start":{"line":54,"column":6},"end":{"line":53,"column":71}},"27":{"start":{"line":59,"column":10},"end":{"line":58,"column":32}},"28":{"start":{"line":60,"column":10},"end":{"line":58,"column":32}},"29":{"start":{"line":61,"column":10},"end":{"line":58,"column":32}},"30":{"start":{"line":62,"column":10},"end":{"line":58,"column":32}},"31":{"start":{"line":63,"column":10},"end":{"line":58,"column":32}},"32":{"start":{"line":64,"column":10},"end":{"line":58,"column":32}},"33":{"start":{"line":68,"column":4},"end":{"line":8,"column":31}},"34":{"start":{"line":69,"column":6},"end":{"line":68,"column":79}},"35":{"start":{"line":77,"column":10},"end":{"line":76,"column":32}},"36":{"start":{"line":78,"column":10},"end":{"line":76,"column":32}},"37":{"start":{"line":79,"column":10},"end":{"line":76,"column":32}},"38":{"start":{"line":80,"column":10},"end":{"line":76,"column":32}},"39":{"start":{"line":81,"column":10},"end":{"line":76,"column":32}},"40":{"start":{"line":85,"column":4},"end":{"line":8,"column":31}},"41":{"start":{"line":87,"column":6},"end":{"line":85,"column":62}},"42":{"start":{"line":95,"column":10},"end":{"line":94,"column":32}},"43":{"start":{"line":103,"column":14},"end":{"line":102,"column":36}},"44":{"start":{"line":104,"column":14},"end":{"line":102,"column":36}},"45":{"start":{"line":105,"column":14},"end":{"line":102,"column":36}},"46":{"start":{"line":106,"column":14},"end":{"line":102,"column":36}},"47":{"start":{"line":107,"column":14},"end":{"line":102,"column":36}},"48":{"start":{"line":112,"column":4},"end":{"line":8,"column":31}},"49":{"start":{"line":114,"column":6},"end":{"line":112,"column":64}},"50":{"start":{"line":115,"column":8},"end":{"line":114,"column":55}},"51":{"start":{"line":123,"column":12},"end":{"line":122,"column":34}},"52":{"start":{"line":124,"column":12},"end":{"line":122,"column":34}},"53":{"start":{"line":125,"column":12},"end":{"line":122,"column":34}},"54":{"start":{"line":126,"column":12},"end":{"line":122,"column":34}},"55":{"start":{"line":127,"column":12},"end":{"line":122,"column":34}}},"branchMap":{}},"/Users/bryomckim/Andela/DMS-Frontend/spec/users.spec.js":{"path":"/Users/bryomckim/Andela/DMS-Frontend/spec/users.spec.js","s":{"1":1,"2":1,"3":1,"4":1,"5":1,"6":1,"7":1,"8":1,"9":1,"10":1,"11":1,"12":1,"13":1,"14":1,"15":1,"16":1,"17":1,"18":1,"19":1,"20":1,"21":1,"22":1,"23":1,"24":1,"25":1,"26":1,"27":1,"28":1,"29":1,"30":1,"31":1,"32":1,"33":1,"34":1,"35":1,"36":1,"37":1,"38":1,"39":1,"40":1,"41":1,"42":1,"43":1,"44":1,"45":1,"46":1,"47":1,"48":1,"49":1,"50":1,"51":1,"52":1,"53":1,"54":1,"55":1,"56":1},"b":{},"f":{"1":1,"2":1,"3":1,"4":1,"5":1,"6":1,"7":1,"8":1,"9":1,"10":1,"11":1,"12":1,"13":1,"14":1,"15":1,"16":1,"17":1,"18":1},"fnMap":{"1":{"name":"(anonymous_3)","line":1,"loc":{"start":{"line":1,"column":1},"end":{"line":1,"column":12}}},"2":{"name":"(anonymous_4)","line":8,"loc":{"start":{"line":8,"column":19},"end":{"line":8,"column":30}}},"3":{"name":"(anonymous_5)","line":11,"loc":{"start":{"line":11,"column":14},"end":{"line":11,"column":29}}},"4":{"name":"(anonymous_6)","line":12,"loc":{"start":{"line":12,"column":18},"end":{"line":12,"column":33}}},"5":{"name":"(anonymous_7)","line":18,"loc":{"start":{"line":18,"column":38},"end":{"line":18,"column":53}}},"6":{"name":"(anonymous_8)","line":30,"loc":{"start":{"line":30,"column":13},"end":{"line":30,"column":32}}},"7":{"name":"(anonymous_9)","line":40,"loc":{"start":{"line":40,"column":32},"end":{"line":40,"column":47}}},"8":{"name":"(anonymous_10)","line":52,"loc":{"start":{"line":52,"column":13},"end":{"line":52,"column":32}}},"9":{"name":"(anonymous_11)","line":61,"loc":{"start":{"line":61,"column":42},"end":{"line":61,"column":57}}},"10":{"name":"(anonymous_12)","line":73,"loc":{"start":{"line":73,"column":13},"end":{"line":73,"column":32}}},"11":{"name":"(anonymous_13)","line":81,"loc":{"start":{"line":81,"column":52},"end":{"line":81,"column":67}}},"12":{"name":"(anonymous_14)","line":93,"loc":{"start":{"line":93,"column":13},"end":{"line":93,"column":32}}},"13":{"name":"(anonymous_15)","line":103,"loc":{"start":{"line":103,"column":36},"end":{"line":103,"column":51}}},"14":{"name":"(anonymous_16)","line":108,"loc":{"start":{"line":108,"column":55},"end":{"line":108,"column":70}}},"15":{"name":"(anonymous_17)","line":113,"loc":{"start":{"line":113,"column":13},"end":{"line":113,"column":32}}},"16":{"name":"(anonymous_18)","line":121,"loc":{"start":{"line":121,"column":40},"end":{"line":121,"column":55}}},"17":{"name":"(anonymous_19)","line":122,"loc":{"start":{"line":122,"column":40},"end":{"line":122,"column":55}}},"18":{"name":"(anonymous_20)","line":132,"loc":{"start":{"line":132,"column":15},"end":{"line":132,"column":34}}}},"statementMap":{"1":{"start":{"line":1,"column":0},"end":{"line":null,"column":-1}},"2":{"start":{"line":4,"column":2},"end":{"line":1,"column":12}},"3":{"start":{"line":5,"column":2},"end":{"line":1,"column":12}},"4":{"start":{"line":6,"column":2},"end":{"line":1,"column":12}},"5":{"start":{"line":8,"column":2},"end":{"line":1,"column":12}},"6":{"start":{"line":9,"column":4},"end":{"line":8,"column":30}},"7":{"start":{"line":11,"column":4},"end":{"line":8,"column":30}},"8":{"start":{"line":12,"column":6},"end":{"line":11,"column":29}},"9":{"start":{"line":13,"column":8},"end":{"line":12,"column":33}},"10":{"start":{"line":14,"column":8},"end":{"line":12,"column":33}},"11":{"start":{"line":18,"column":4},"end":{"line":8,"column":30}},"12":{"start":{"line":19,"column":6},"end":{"line":18,"column":53}},"13":{"start":{"line":31,"column":10},"end":{"line":30,"column":32}},"14":{"start":{"line":32,"column":10},"end":{"line":30,"column":32}},"15":{"start":{"line":33,"column":10},"end":{"line":30,"column":32}},"16":{"start":{"line":34,"column":10},"end":{"line":30,"column":32}},"17":{"start":{"line":35,"column":10},"end":{"line":30,"column":32}},"18":{"start":{"line":36,"column":10},"end":{"line":30,"column":32}},"19":{"start":{"line":40,"column":4},"end":{"line":8,"column":30}},"20":{"start":{"line":41,"column":6},"end":{"line":40,"column":47}},"21":{"start":{"line":53,"column":10},"end":{"line":52,"column":32}},"22":{"start":{"line":54,"column":10},"end":{"line":52,"column":32}},"23":{"start":{"line":55,"column":10},"end":{"line":52,"column":32}},"24":{"start":{"line":56,"column":10},"end":{"line":52,"column":32}},"25":{"start":{"line":57,"column":10},"end":{"line":52,"column":32}},"26":{"start":{"line":61,"column":4},"end":{"line":8,"column":30}},"27":{"start":{"line":62,"column":6},"end":{"line":61,"column":57}},"28":{"start":{"line":74,"column":10},"end":{"line":73,"column":32}},"29":{"start":{"line":75,"column":10},"end":{"line":73,"column":32}},"30":{"start":{"line":76,"column":10},"end":{"line":73,"column":32}},"31":{"start":{"line":77,"column":10},"end":{"line":73,"column":32}},"32":{"start":{"line":81,"column":4},"end":{"line":8,"column":30}},"33":{"start":{"line":82,"column":6},"end":{"line":81,"column":67}},"34":{"start":{"line":94,"column":10},"end":{"line":93,"column":32}},"35":{"start":{"line":95,"column":10},"end":{"line":93,"column":32}},"36":{"start":{"line":96,"column":10},"end":{"line":93,"column":32}},"37":{"start":{"line":97,"column":10},"end":{"line":93,"column":32}},"38":{"start":{"line":98,"column":10},"end":{"line":93,"column":32}},"39":{"start":{"line":99,"column":10},"end":{"line":93,"column":32}},"40":{"start":{"line":103,"column":4},"end":{"line":8,"column":30}},"41":{"start":{"line":104,"column":6},"end":{"line":103,"column":51}},"42":{"start":{"line":105,"column":6},"end":{"line":103,"column":51}},"43":{"start":{"line":108,"column":4},"end":{"line":8,"column":30}},"44":{"start":{"line":109,"column":6},"end":{"line":108,"column":70}},"45":{"start":{"line":114,"column":10},"end":{"line":113,"column":32}},"46":{"start":{"line":115,"column":10},"end":{"line":113,"column":32}},"47":{"start":{"line":116,"column":10},"end":{"line":113,"column":32}},"48":{"start":{"line":117,"column":10},"end":{"line":113,"column":32}},"49":{"start":{"line":121,"column":4},"end":{"line":8,"column":30}},"50":{"start":{"line":122,"column":6},"end":{"line":121,"column":55}},"51":{"start":{"line":123,"column":8},"end":{"line":122,"column":55}},"52":{"start":{"line":133,"column":12},"end":{"line":132,"column":34}},"53":{"start":{"line":134,"column":12},"end":{"line":132,"column":34}},"54":{"start":{"line":135,"column":12},"end":{"line":132,"column":34}},"55":{"start":{"line":136,"column":12},"end":{"line":132,"column":34}},"56":{"start":{"line":137,"column":12},"end":{"line":132,"column":34}}},"branchMap":{}}}